2026/01/28 04:16:15 Loading configuration from INI file: /opt/go_cmdb/config.ini
2026/01/28 04:16:15 ✓ Configuration loaded from INI file
2026/01/28 04:16:15 ✓ MySQL connected successfully
2026/01/28 04:16:15 ✓ MySQL connected successfully
2026/01/28 04:16:15 MIGRATE=0 or not set, migration disabled
2026/01/28 04:16:15 ✓ JWT initialized
2026/01/28 04:16:15 ✓ Redis connected successfully
2026/01/28 04:16:15 ✓ Redis connected successfully
2026/01/28 04:16:15 ✓ Bootstrap Token Store initialized
2026/01/28 04:16:15 [RiskScanner] Starting with interval 300 seconds
2026/01/28 04:16:15 ✓ Risk Scanner initialized
2026/01/28 04:16:15 ⚠ Release Executor requires mTLS but mTLS is not enabled, skipping executor
2026/01/28 04:16:15 [DNS Worker] Starting with interval=30s, batch_size=10
2026/01/28 04:16:15 ✓ DNS Worker initialized
2026/01/28 04:16:15 [RiskScanner] Running initial scan...
2026/01/28 04:16:15 [ACME Worker] Starting with interval=40s, batch=50
2026/01/28 04:16:15 ✓ ACME Worker initialized
2026/01/28 04:16:15 [RiskScanner] Starting scan...
2026/01/28 04:16:15 ✓ Certificate Cleaner disabled (CERT_FAILED_CLEANER_ENABLED=0)
2026/01/28 04:16:15 [DNS Worker] Tick: processing DNS records...
2026/01/28 04:16:15 [WebSocket] Event handlers registered
2026/01/28 04:16:15 [WebSocket] Socket.IO server initialized
2026/01/28 04:16:15 ✓ Socket.IO server initialized
2026/01/28 04:16:15 ⚠ Failed to create dispatcher: failed to create agent client: mTLS is required but not enabled
2026/01/28 04:16:15 ⚠ Failed to create dispatcher: failed to create agent client: mTLS is required but not enabled
2026/01/28 04:16:15 ✓ Server starting on :8080
2026/01/28 04:16:15 [RiskScanner] Scan completed: 0 risks detected, 0 new, 0 updated
2026/01/28 04:16:15 [DNS Service] GetDeletionRecords: found 0 records (limit=10, error=<nil>)
2026/01/28 04:16:15 [DNS Worker] Tick done: present_candidates=0, absent_candidates=0, claimed_running=0, claim_skipped=0, success=0, error=0, deleted=0
2026/01/28 04:16:45 [DNS Worker] Tick: processing DNS records...
2026/01/28 04:16:45 [DNS Service] GetDeletionRecords: found 0 records (limit=10, error=<nil>)
2026/01/28 04:16:45 [DNS Worker] Tick done: present_candidates=0, absent_candidates=0, claimed_running=0, claim_skipped=0, success=0, error=0, deleted=0
[GIN] 2026/01/28 - 04:16:54 | 200 |  266.847793ms |   76.38.248.101 | POST     "/api/v1/auth/login"
[GIN] 2026/01/28 - 04:16:55 | 200 |    1.282579ms |   76.38.248.101 | POST     "/api/v1/agents/bootstrap/token/create"
[GIN] 2026/01/28 - 04:17:02 | 200 |     236.257µs |   76.38.248.101 | GET      "/bootstrap/agent/install.sh?token=93f0d648cd7da46d449cc435531be4f4956f6c61873c0454b35be6db3da391cf"
[GIN] 2026/01/28 - 04:17:09 | 200 |     220.436µs |    173.64.10.36 | GET      "/bootstrap/agent/install.sh?token=93f0d648cd7da46d449cc435531be4f4956f6c61873c0454b35be6db3da391cf"
2026/01/28 04:17:15 [DNS Worker] Tick: processing DNS records...
2026/01/28 04:17:15 [DNS Service] GetDeletionRecords: found 0 records (limit=10, error=<nil>)
2026/01/28 04:17:15 [DNS Worker] Tick done: present_candidates=0, absent_candidates=0, claimed_running=0, claim_skipped=0, success=0, error=0, deleted=0
[GIN] 2026/01/28 - 04:17:16 | 200 |       201.3µs |    173.64.10.36 | GET      "/bootstrap/agent/install.sh?token=93f0d648cd7da46d449cc435531be4f4956f6c61873c0454b35be6db3da391cf"
2026/01/28 04:17:45 [DNS Worker] Tick: processing DNS records...
2026/01/28 04:17:45 [DNS Service] GetDeletionRecords: found 0 records (limit=10, error=<nil>)
2026/01/28 04:17:45 [DNS Worker] Tick done: present_candidates=0, absent_candidates=0, claimed_running=0, claim_skipped=0, success=0, error=0, deleted=0
2026/01/28 04:18:15 [DNS Worker] Tick: processing DNS records...
2026/01/28 04:18:15 [DNS Service] GetDeletionRecords: found 0 records (limit=10, error=<nil>)
2026/01/28 04:18:15 [DNS Worker] Tick done: present_candidates=0, absent_candidates=0, claimed_running=0, claim_skipped=0, success=0, error=0, deleted=0
2026/01/28 04:18:45 [DNS Worker] Tick: processing DNS records...
2026/01/28 04:18:45 [DNS Service] GetDeletionRecords: found 0 records (limit=10, error=<nil>)
2026/01/28 04:18:45 [DNS Worker] Tick done: present_candidates=0, absent_candidates=0, claimed_running=0, claim_skipped=0, success=0, error=0, deleted=0
2026/01/28 04:19:15 [DNS Worker] Tick: processing DNS records...
2026/01/28 04:19:15 [DNS Service] GetDeletionRecords: found 0 records (limit=10, error=<nil>)
2026/01/28 04:19:15 [DNS Worker] Tick done: present_candidates=0, absent_candidates=0, claimed_running=0, claim_skipped=0, success=0, error=0, deleted=0
