2026/01/29 04:13:34 Loading configuration from INI file: config.ini
2026/01/29 04:13:34 ✓ Configuration loaded from INI file
2026/01/29 04:13:34 ✓ MySQL connected successfully
2026/01/29 04:13:34 ✓ MySQL connected successfully
2026/01/29 04:13:34 MIGRATE=0 or not set, migration disabled
2026/01/29 04:13:34 ✓ JWT initialized
2026/01/29 04:13:34 ✓ Redis connected successfully
2026/01/29 04:13:34 ✓ Redis connected successfully
2026/01/29 04:13:34 ✓ Bootstrap Token Store initialized
2026/01/29 04:13:34 ✓ CA Manager initialized
2026/01/29 04:13:34 [RiskScanner] Starting with interval 300 seconds
2026/01/29 04:13:34 ✓ Risk Scanner initialized
2026/01/29 04:13:34 [RiskScanner] Running initial scan...
2026/01/29 04:13:34 [RiskScanner] Starting scan...
2026/01/29 04:13:34 ✓ Release Executor initialized
2026/01/29 04:13:34 [DNS Worker] Starting with interval=30s, batch_size=10
2026/01/29 04:13:34 ✓ DNS Worker initialized
2026/01/29 04:13:34 [ACME Worker] Starting with interval=40s, batch=50
2026/01/29 04:13:34 ✓ ACME Worker initialized
2026/01/29 04:13:34 ✓ Certificate Cleaner disabled (CERT_FAILED_CLEANER_ENABLED=0)
2026/01/29 04:13:34 [WebSocket] Event handlers registered
2026/01/29 04:13:34 [WebSocket] Socket.IO server initialized
2026/01/29 04:13:34 ✓ Socket.IO server initialized
2026/01/29 04:13:34 [Executor] Starting executor loop (interval=5s)
2026/01/29 04:13:34 [Executor] Running once...
2026/01/29 04:13:34 [DNS Worker] Tick: processing DNS records...
time="2026-01-29T04:13:34+08:00" level=info msg="Starting node health worker..." component=node-health-worker
2026/01/29 04:13:34 ✓ Node Health Worker initialized
2026/01/29 04:13:34 ✓ Server starting on :8080
2026/01/29 04:13:34 [Executor] No tasks to execute
2026/01/29 04:13:34 [RiskScanner] Scan completed: 0 risks detected, 0 new, 0 updated
2026/01/29 04:13:34 [DNS Service] GetDeletionRecords: found 0 records (limit=10, error=<nil>)
2026/01/29 04:13:34 [DNS Worker] Tick done: present_candidates=0, absent_candidates=0, claimed_running=0, claim_skipped=0, success=0, error=0, deleted=0
2026/01/29 04:13:39 [Executor] Running once...
2026/01/29 04:13:39 [Executor] No tasks to execute
2026/01/29 04:13:44 [Executor] Running once...
2026/01/29 04:13:44 [Executor] No tasks to execute
[GIN] 2026/01/29 - 04:13:45 | 401 |  267.583158ms |  13.214.165.153 | POST     "/api/v1/auth/login"
2026/01/29 04:13:49 [Executor] Running once...
2026/01/29 04:13:49 [Executor] No tasks to execute
2026/01/29 04:13:54 [Executor] Running once...
2026/01/29 04:13:54 [Executor] No tasks to execute

2026/01/29 04:13:58 [31;1m/opt/go_cmdb/api/v1/auth/handler.go:47 [35;1mrecord not found
[0m[33m[0.747ms] [34;1m[rows:0][0m SELECT * FROM `users` WHERE username = 'test' ORDER BY `users`.`id` LIMIT 1
[GIN] 2026/01/29 - 04:13:58 | 401 |     888.916µs |  13.214.165.153 | POST     "/api/v1/auth/login"
[GIN] 2026/01/29 - 04:13:58 | 401 |      24.306µs |  13.214.165.153 | POST     "/api/v1/origin-sets/create"
2026/01/29 04:13:59 [Executor] Running once...
2026/01/29 04:13:59 [Executor] No tasks to execute
2026/01/29 04:14:04 [DNS Worker] Tick: processing DNS records...
2026/01/29 04:14:04 [Executor] Running once...
2026/01/29 04:14:04 [DNS Service] GetDeletionRecords: found 0 records (limit=10, error=<nil>)
2026/01/29 04:14:04 [DNS Worker] Tick done: present_candidates=0, absent_candidates=0, claimed_running=0, claim_skipped=0, success=0, error=0, deleted=0
2026/01/29 04:14:04 [Executor] No tasks to execute

2026/01/29 04:14:06 [31;1m/opt/go_cmdb/api/v1/auth/handler.go:47 [35;1mrecord not found
[0m[33m[0.715ms] [34;1m[rows:0][0m SELECT * FROM `users` WHERE username = 'test' ORDER BY `users`.`id` LIMIT 1
[GIN] 2026/01/29 - 04:14:06 | 401 |     851.006µs |  13.214.165.153 | POST     "/api/v1/auth/login"
2026/01/29 04:14:09 [Executor] Running once...
2026/01/29 04:14:09 [Executor] No tasks to execute

2026/01/29 04:14:12 [31;1m/opt/go_cmdb/api/v1/auth/handler.go:47 [35;1mrecord not found
[0m[33m[0.685ms] [34;1m[rows:0][0m SELECT * FROM `users` WHERE username = 'test' ORDER BY `users`.`id` LIMIT 1
[GIN] 2026/01/29 - 04:14:12 | 401 |     849.583µs |  13.214.165.153 | POST     "/api/v1/auth/login"
2026/01/29 04:14:14 [Executor] Running once...
2026/01/29 04:14:14 [Executor] No tasks to execute
2026/01/29 04:14:19 [Executor] Running once...
2026/01/29 04:14:19 [Executor] No tasks to execute
2026/01/29 04:14:24 [Executor] Running once...
2026/01/29 04:14:24 [Executor] No tasks to execute
[GIN] 2026/01/29 - 04:14:28 | 401 |  266.691492ms |  13.214.165.153 | POST     "/api/v1/auth/login"
[GIN] 2026/01/29 - 04:14:28 | 401 |      27.673µs |  13.214.165.153 | POST     "/api/v1/origin-sets/create"
2026/01/29 04:14:29 [Executor] Running once...
2026/01/29 04:14:29 [Executor] No tasks to execute
2026/01/29 04:14:34 [DNS Worker] Tick: processing DNS records...
2026/01/29 04:14:34 [Executor] Running once...
2026/01/29 04:14:34 [DNS Service] GetDeletionRecords: found 0 records (limit=10, error=<nil>)
2026/01/29 04:14:34 [DNS Worker] Tick done: present_candidates=0, absent_candidates=0, claimed_running=0, claim_skipped=0, success=0, error=0, deleted=0
2026/01/29 04:14:34 [Executor] No tasks to execute
[GIN] 2026/01/29 - 04:14:36 | 401 |  266.877239ms |  13.214.165.153 | POST     "/api/v1/auth/login"
2026/01/29 04:14:39 [Executor] Running once...
2026/01/29 04:14:39 [Executor] No tasks to execute
2026/01/29 04:14:44 [Executor] Running once...
2026/01/29 04:14:44 [Executor] No tasks to execute
2026/01/29 04:14:49 [Executor] Running once...
2026/01/29 04:14:49 [Executor] No tasks to execute
2026/01/29 04:14:54 [Executor] Running once...
2026/01/29 04:14:54 [Executor] No tasks to execute
[GIN] 2026/01/29 - 04:14:55 | 401 |   266.66399ms |  13.214.165.153 | POST     "/api/v1/auth/login"
2026/01/29 04:14:59 [Executor] Running once...
2026/01/29 04:14:59 [Executor] No tasks to execute
2026/01/29 04:15:04 [Executor] Running once...
2026/01/29 04:15:04 [DNS Worker] Tick: processing DNS records...
2026/01/29 04:15:04 [Executor] No tasks to execute
2026/01/29 04:15:04 [DNS Service] GetDeletionRecords: found 0 records (limit=10, error=<nil>)
2026/01/29 04:15:04 [DNS Worker] Tick done: present_candidates=0, absent_candidates=0, claimed_running=0, claim_skipped=0, success=0, error=0, deleted=0
2026/01/29 04:15:09 [Executor] Running once...
2026/01/29 04:15:09 [Executor] No tasks to execute
2026/01/29 04:15:14 [Executor] Running once...
2026/01/29 04:15:14 [Executor] No tasks to execute
2026/01/29 04:15:19 [Executor] Running once...
2026/01/29 04:15:19 [Executor] No tasks to execute
2026/01/29 04:15:24 [Executor] Running once...
2026/01/29 04:15:24 [Executor] No tasks to execute
2026/01/29 04:15:29 [Executor] Running once...
2026/01/29 04:15:29 [Executor] No tasks to execute
[GIN] 2026/01/29 - 04:15:32 | 200 |   266.56567ms |  13.214.165.153 | POST     "/api/v1/auth/login"
[GIN] 2026/01/29 - 04:15:32 | 200 |    9.389689ms |  13.214.165.153 | POST     "/api/v1/origin-sets/create"
2026/01/29 04:15:34 [DNS Worker] Tick: processing DNS records...
2026/01/29 04:15:34 [Executor] Running once...
2026/01/29 04:15:34 [Executor] No tasks to execute
2026/01/29 04:15:34 [DNS Service] GetDeletionRecords: found 0 records (limit=10, error=<nil>)
2026/01/29 04:15:34 [DNS Worker] Tick done: present_candidates=0, absent_candidates=0, claimed_running=0, claim_skipped=0, success=0, error=0, deleted=0
2026/01/29 04:15:39 [Executor] Running once...
2026/01/29 04:15:39 [Executor] No tasks to execute
[GIN] 2026/01/29 - 04:15:40 | 200 |  266.101327ms |  13.214.165.153 | POST     "/api/v1/auth/login"
[GIN] 2026/01/29 - 04:15:40 | 200 |     714.853µs |  13.214.165.153 | GET      "/api/v1/origin-sets"
2026/01/29 04:15:44 [Executor] Running once...
2026/01/29 04:15:44 [Executor] No tasks to execute
[GIN] 2026/01/29 - 04:15:47 | 200 |  267.311775ms |  13.214.165.153 | POST     "/api/v1/auth/login"
[GIN] 2026/01/29 - 04:15:47 | 200 |    2.481561ms |  13.214.165.153 | GET      "/api/v1/origin-sets/1"
2026/01/29 04:15:49 [Executor] Running once...
2026/01/29 04:15:49 [Executor] No tasks to execute
2026/01/29 04:15:54 [Executor] Running once...
2026/01/29 04:15:54 [Executor] No tasks to execute
2026/01/29 04:15:59 [Executor] Running once...
2026/01/29 04:15:59 [Executor] No tasks to execute
2026/01/29 04:16:04 [Executor] Running once...
2026/01/29 04:16:04 [DNS Worker] Tick: processing DNS records...
2026/01/29 04:16:04 [Executor] No tasks to execute
2026/01/29 04:16:04 [DNS Service] GetDeletionRecords: found 0 records (limit=10, error=<nil>)
2026/01/29 04:16:04 [DNS Worker] Tick done: present_candidates=0, absent_candidates=0, claimed_running=0, claim_skipped=0, success=0, error=0, deleted=0
2026/01/29 04:16:09 [Executor] Running once...
2026/01/29 04:16:09 [Executor] No tasks to execute
2026/01/29 04:16:14 [Executor] Running once...
2026/01/29 04:16:14 [Executor] No tasks to execute
2026/01/29 04:16:19 [Executor] Running once...
2026/01/29 04:16:19 [Executor] No tasks to execute
2026/01/29 04:16:24 [Executor] Running once...
2026/01/29 04:16:24 [Executor] No tasks to execute
2026/01/29 04:16:24 [WebSocket] Handshake rejected: No token from 13.228.178.233:52159
[GIN] 2026/01/29 - 04:16:24 | 401 |       85.16µs |  13.228.178.233 | GET      "/socket.io/?EIO=4&transport=websocket"
[GIN] 2026/01/29 - 04:16:24 | 200 |    6.092043ms |  13.228.178.233 | GET      "/api/v1/websites?page=1&pageSize=15"
[GIN] 2026/01/29 - 04:16:24 | 200 |  266.391709ms |  13.214.165.153 | POST     "/api/v1/auth/login"
[GIN] 2026/01/29 - 04:16:24 | 200 |    7.698989ms |  13.214.165.153 | POST     "/api/v1/origin-sets/bind-website"
2026/01/29 04:16:29 [Executor] Running once...
2026/01/29 04:16:29 [Executor] No tasks to execute
2026/01/29 04:16:34 [Executor] Running once...
2026/01/29 04:16:34 [DNS Worker] Tick: processing DNS records...
2026/01/29 04:16:34 [Executor] No tasks to execute
2026/01/29 04:16:34 [DNS Service] GetDeletionRecords: found 0 records (limit=10, error=<nil>)
2026/01/29 04:16:34 [DNS Worker] Tick done: present_candidates=0, absent_candidates=0, claimed_running=0, claim_skipped=0, success=0, error=0, deleted=0
2026/01/29 04:16:39 [Executor] Running once...
2026/01/29 04:16:39 [Executor] No tasks to execute
2026/01/29 04:16:44 [Executor] Running once...
2026/01/29 04:16:44 [Executor] No tasks to execute
2026/01/29 04:16:49 [Executor] Running once...
2026/01/29 04:16:49 [Executor] No tasks to execute
2026/01/29 04:16:54 [Executor] Running once...
2026/01/29 04:16:54 [Executor] No tasks to execute
2026/01/29 04:16:59 [Executor] Running once...
2026/01/29 04:16:59 [Executor] No tasks to execute
2026/01/29 04:17:04 [DNS Worker] Tick: processing DNS records...
2026/01/29 04:17:04 [Executor] Running once...
2026/01/29 04:17:04 [Executor] No tasks to execute
2026/01/29 04:17:04 [DNS Service] GetDeletionRecords: found 0 records (limit=10, error=<nil>)
2026/01/29 04:17:04 [DNS Worker] Tick done: present_candidates=0, absent_candidates=0, claimed_running=0, claim_skipped=0, success=0, error=0, deleted=0
2026/01/29 04:17:09 [Executor] Running once...
2026/01/29 04:17:09 [Executor] No tasks to execute
2026/01/29 04:17:14 [Executor] Running once...
2026/01/29 04:17:14 [Executor] No tasks to execute
2026/01/29 04:17:19 [Executor] Running once...
2026/01/29 04:17:19 [Executor] No tasks to execute
2026/01/29 04:17:24 [Executor] Running once...
2026/01/29 04:17:24 [Executor] No tasks to execute
2026/01/29 04:17:29 [Executor] Running once...
2026/01/29 04:17:29 [Executor] No tasks to execute
2026/01/29 04:17:34 [DNS Worker] Tick: processing DNS records...
2026/01/29 04:17:34 [Executor] Running once...
2026/01/29 04:17:34 [Executor] No tasks to execute
2026/01/29 04:17:34 [DNS Service] GetDeletionRecords: found 0 records (limit=10, error=<nil>)
2026/01/29 04:17:34 [DNS Worker] Tick done: present_candidates=0, absent_candidates=0, claimed_running=0, claim_skipped=0, success=0, error=0, deleted=0
2026/01/29 04:17:39 [Executor] Running once...
2026/01/29 04:17:39 [Executor] No tasks to execute
2026/01/29 04:17:44 [Executor] Running once...
2026/01/29 04:17:44 [Executor] No tasks to execute
2026/01/29 04:17:49 [Executor] Running once...
2026/01/29 04:17:49 [Executor] No tasks to execute
2026/01/29 04:17:54 [Executor] Running once...
2026/01/29 04:17:54 [Executor] No tasks to execute
2026/01/29 04:17:59 [Executor] Running once...
2026/01/29 04:17:59 [Executor] No tasks to execute
2026/01/29 04:18:04 [DNS Worker] Tick: processing DNS records...
2026/01/29 04:18:04 [Executor] Running once...
2026/01/29 04:18:04 [DNS Service] GetDeletionRecords: found 0 records (limit=10, error=<nil>)
2026/01/29 04:18:04 [DNS Worker] Tick done: present_candidates=0, absent_candidates=0, claimed_running=0, claim_skipped=0, success=0, error=0, deleted=0
2026/01/29 04:18:04 [Executor] No tasks to execute
2026/01/29 04:18:09 [Executor] Running once...
2026/01/29 04:18:09 [Executor] No tasks to execute
2026/01/29 04:18:14 [Executor] Running once...
2026/01/29 04:18:14 [Executor] No tasks to execute
2026/01/29 04:18:19 [Executor] Running once...
2026/01/29 04:18:19 [Executor] No tasks to execute
2026/01/29 04:18:24 [Executor] Running once...
2026/01/29 04:18:24 [Executor] No tasks to execute
2026/01/29 04:18:29 [Executor] Running once...
2026/01/29 04:18:29 [Executor] No tasks to execute
2026/01/29 04:18:34 [RiskScanner] Running scheduled scan...
2026/01/29 04:18:34 [RiskScanner] Starting scan...
2026/01/29 04:18:34 [DNS Worker] Tick: processing DNS records...
2026/01/29 04:18:34 [Executor] Running once...
2026/01/29 04:18:34 [Executor] No tasks to execute
2026/01/29 04:18:34 [DNS Service] GetDeletionRecords: found 0 records (limit=10, error=<nil>)
2026/01/29 04:18:34 [DNS Worker] Tick done: present_candidates=0, absent_candidates=0, claimed_running=0, claim_skipped=0, success=0, error=0, deleted=0
2026/01/29 04:18:34 [RiskScanner] Scan completed: 0 risks detected, 0 new, 0 updated
2026/01/29 04:18:39 [Executor] Running once...
2026/01/29 04:18:39 [Executor] No tasks to execute
2026/01/29 04:18:44 [Executor] Running once...
2026/01/29 04:18:44 [Executor] No tasks to execute
2026/01/29 04:18:49 [Executor] Running once...
2026/01/29 04:18:49 [Executor] No tasks to execute
2026/01/29 04:18:54 [Executor] Running once...
2026/01/29 04:18:54 [Executor] No tasks to execute
2026/01/29 04:18:59 [Executor] Running once...
2026/01/29 04:18:59 [Executor] No tasks to execute
2026/01/29 04:19:04 [Executor] Running once...
2026/01/29 04:19:04 [DNS Worker] Tick: processing DNS records...
2026/01/29 04:19:04 [Executor] No tasks to execute
2026/01/29 04:19:04 [DNS Service] GetDeletionRecords: found 0 records (limit=10, error=<nil>)
2026/01/29 04:19:04 [DNS Worker] Tick done: present_candidates=0, absent_candidates=0, claimed_running=0, claim_skipped=0, success=0, error=0, deleted=0
2026/01/29 04:19:09 [Executor] Running once...
2026/01/29 04:19:09 [Executor] No tasks to execute
2026/01/29 04:19:14 [Executor] Running once...
2026/01/29 04:19:14 [Executor] No tasks to execute
2026/01/29 04:19:19 [Executor] Running once...
2026/01/29 04:19:19 [Executor] No tasks to execute
2026/01/29 04:19:24 [Executor] Running once...
2026/01/29 04:19:24 [Executor] No tasks to execute
2026/01/29 04:19:29 [Executor] Running once...
2026/01/29 04:19:29 [Executor] No tasks to execute
2026/01/29 04:19:34 [DNS Worker] Tick: processing DNS records...
2026/01/29 04:19:34 [Executor] Running once...
2026/01/29 04:19:34 [Executor] No tasks to execute
2026/01/29 04:19:34 [DNS Service] GetDeletionRecords: found 0 records (limit=10, error=<nil>)
2026/01/29 04:19:34 [DNS Worker] Tick done: present_candidates=0, absent_candidates=0, claimed_running=0, claim_skipped=0, success=0, error=0, deleted=0
2026/01/29 04:19:39 [Executor] Running once...
2026/01/29 04:19:39 [Executor] No tasks to execute
2026/01/29 04:19:44 [Executor] Running once...
2026/01/29 04:19:44 [Executor] No tasks to execute
2026/01/29 04:19:49 [Executor] Running once...
2026/01/29 04:19:49 [Executor] No tasks to execute
2026/01/29 04:19:54 [Executor] Running once...
2026/01/29 04:19:54 [Executor] No tasks to execute
2026/01/29 04:19:59 [Executor] Running once...
2026/01/29 04:19:59 [Executor] No tasks to execute
2026/01/29 04:20:04 [DNS Worker] Tick: processing DNS records...
2026/01/29 04:20:04 [Executor] Running once...
2026/01/29 04:20:04 [DNS Service] GetDeletionRecords: found 0 records (limit=10, error=<nil>)
2026/01/29 04:20:04 [DNS Worker] Tick done: present_candidates=0, absent_candidates=0, claimed_running=0, claim_skipped=0, success=0, error=0, deleted=0
2026/01/29 04:20:04 [Executor] No tasks to execute
2026/01/29 04:20:09 [Executor] Running once...
2026/01/29 04:20:09 [Executor] No tasks to execute
2026/01/29 04:20:14 [Executor] Running once...
2026/01/29 04:20:14 [Executor] No tasks to execute
2026/01/29 04:20:19 [Executor] Running once...
2026/01/29 04:20:19 [Executor] No tasks to execute
2026/01/29 04:20:24 [Executor] Running once...
2026/01/29 04:20:24 [Executor] No tasks to execute
2026/01/29 04:20:29 [Executor] Running once...
2026/01/29 04:20:29 [Executor] No tasks to execute
2026/01/29 04:20:34 [DNS Worker] Tick: processing DNS records...
2026/01/29 04:20:34 [Executor] Running once...
2026/01/29 04:20:34 [Executor] No tasks to execute
2026/01/29 04:20:34 [DNS Service] GetDeletionRecords: found 0 records (limit=10, error=<nil>)
2026/01/29 04:20:34 [DNS Worker] Tick done: present_candidates=0, absent_candidates=0, claimed_running=0, claim_skipped=0, success=0, error=0, deleted=0
2026/01/29 04:20:39 [Executor] Running once...
2026/01/29 04:20:39 [Executor] No tasks to execute
2026/01/29 04:20:44 [Executor] Running once...
2026/01/29 04:20:44 [Executor] No tasks to execute
2026/01/29 04:20:49 [Executor] Running once...
2026/01/29 04:20:49 [Executor] No tasks to execute
2026/01/29 04:20:54 [Executor] Running once...
2026/01/29 04:20:54 [Executor] No tasks to execute
2026/01/29 04:20:59 [Executor] Running once...
2026/01/29 04:20:59 [Executor] No tasks to execute
2026/01/29 04:21:04 [DNS Worker] Tick: processing DNS records...
2026/01/29 04:21:04 [Executor] Running once...
2026/01/29 04:21:04 [Executor] No tasks to execute
2026/01/29 04:21:04 [DNS Service] GetDeletionRecords: found 0 records (limit=10, error=<nil>)
2026/01/29 04:21:04 [DNS Worker] Tick done: present_candidates=0, absent_candidates=0, claimed_running=0, claim_skipped=0, success=0, error=0, deleted=0
2026/01/29 04:21:09 [Executor] Running once...
2026/01/29 04:21:09 [Executor] No tasks to execute
2026/01/29 04:21:14 [Executor] Running once...
2026/01/29 04:21:14 [Executor] No tasks to execute
2026/01/29 04:21:19 [Executor] Running once...
2026/01/29 04:21:19 [Executor] No tasks to execute
2026/01/29 04:21:24 [Executor] Running once...
2026/01/29 04:21:24 [Executor] No tasks to execute
2026/01/29 04:21:29 [Executor] Running once...
2026/01/29 04:21:29 [Executor] No tasks to execute
2026/01/29 04:21:34 [DNS Worker] Tick: processing DNS records...
2026/01/29 04:21:34 [Executor] Running once...
2026/01/29 04:21:34 [Executor] No tasks to execute
2026/01/29 04:21:34 [DNS Service] GetDeletionRecords: found 0 records (limit=10, error=<nil>)
2026/01/29 04:21:34 [DNS Worker] Tick done: present_candidates=0, absent_candidates=0, claimed_running=0, claim_skipped=0, success=0, error=0, deleted=0
2026/01/29 04:21:39 [Executor] Running once...
2026/01/29 04:21:39 [Executor] No tasks to execute
2026/01/29 04:21:44 [Executor] Running once...
2026/01/29 04:21:44 [Executor] No tasks to execute
2026/01/29 04:21:49 [Executor] Running once...
2026/01/29 04:21:49 [Executor] No tasks to execute
2026/01/29 04:21:54 [Executor] Running once...
2026/01/29 04:21:54 [Executor] No tasks to execute
2026/01/29 04:21:59 [Executor] Running once...
2026/01/29 04:21:59 [Executor] No tasks to execute
2026/01/29 04:22:04 [Executor] Running once...
2026/01/29 04:22:04 [DNS Worker] Tick: processing DNS records...
2026/01/29 04:22:04 [Executor] No tasks to execute
2026/01/29 04:22:04 [DNS Service] GetDeletionRecords: found 0 records (limit=10, error=<nil>)
2026/01/29 04:22:04 [DNS Worker] Tick done: present_candidates=0, absent_candidates=0, claimed_running=0, claim_skipped=0, success=0, error=0, deleted=0
2026/01/29 04:22:09 [Executor] Running once...
2026/01/29 04:22:09 [Executor] No tasks to execute
2026/01/29 04:22:14 [Executor] Running once...
2026/01/29 04:22:14 [Executor] No tasks to execute
2026/01/29 04:22:19 [Executor] Running once...
2026/01/29 04:22:19 [Executor] No tasks to execute
2026/01/29 04:22:24 [Executor] Running once...
2026/01/29 04:22:24 [Executor] No tasks to execute
2026/01/29 04:22:29 [Executor] Running once...
2026/01/29 04:22:29 [Executor] No tasks to execute
2026/01/29 04:22:34 [Executor] Running once...
2026/01/29 04:22:34 [DNS Worker] Tick: processing DNS records...
2026/01/29 04:22:34 [Executor] No tasks to execute
2026/01/29 04:22:34 [DNS Service] GetDeletionRecords: found 0 records (limit=10, error=<nil>)
2026/01/29 04:22:34 [DNS Worker] Tick done: present_candidates=0, absent_candidates=0, claimed_running=0, claim_skipped=0, success=0, error=0, deleted=0
2026/01/29 04:22:39 [Executor] Running once...
2026/01/29 04:22:39 [Executor] No tasks to execute
2026/01/29 04:22:44 [Executor] Running once...
2026/01/29 04:22:44 [Executor] No tasks to execute
2026/01/29 04:22:49 [Executor] Running once...
2026/01/29 04:22:49 [Executor] No tasks to execute
2026/01/29 04:22:54 [Executor] Running once...
2026/01/29 04:22:54 [Executor] No tasks to execute
2026/01/29 04:22:59 [Executor] Running once...
2026/01/29 04:22:59 [Executor] No tasks to execute
2026/01/29 04:23:04 [Executor] Running once...
2026/01/29 04:23:04 [DNS Worker] Tick: processing DNS records...
2026/01/29 04:23:04 [Executor] No tasks to execute
2026/01/29 04:23:04 [DNS Service] GetDeletionRecords: found 0 records (limit=10, error=<nil>)
2026/01/29 04:23:04 [DNS Worker] Tick done: present_candidates=0, absent_candidates=0, claimed_running=0, claim_skipped=0, success=0, error=0, deleted=0
2026/01/29 04:23:09 [Executor] Running once...
2026/01/29 04:23:09 [Executor] No tasks to execute
2026/01/29 04:23:14 [Executor] Running once...
2026/01/29 04:23:14 [Executor] No tasks to execute
2026/01/29 04:23:19 [Executor] Running once...
2026/01/29 04:23:19 [Executor] No tasks to execute
2026/01/29 04:23:24 [Executor] Running once...
2026/01/29 04:23:24 [Executor] No tasks to execute
2026/01/29 04:23:29 [Executor] Running once...
2026/01/29 04:23:29 [Executor] No tasks to execute
2026/01/29 04:23:34 [Executor] Running once...
2026/01/29 04:23:34 [RiskScanner] Running scheduled scan...
2026/01/29 04:23:34 [RiskScanner] Starting scan...
2026/01/29 04:23:34 [DNS Worker] Tick: processing DNS records...
2026/01/29 04:23:34 [Executor] No tasks to execute
2026/01/29 04:23:34 [DNS Service] GetDeletionRecords: found 0 records (limit=10, error=<nil>)
2026/01/29 04:23:34 [DNS Worker] Tick done: present_candidates=0, absent_candidates=0, claimed_running=0, claim_skipped=0, success=0, error=0, deleted=0
2026/01/29 04:23:34 [RiskScanner] Scan completed: 0 risks detected, 0 new, 0 updated
2026/01/29 04:23:39 [Executor] Running once...
2026/01/29 04:23:39 [Executor] No tasks to execute
2026/01/29 04:23:44 [Executor] Running once...
2026/01/29 04:23:44 [Executor] No tasks to execute
2026/01/29 04:23:49 [Executor] Running once...
2026/01/29 04:23:49 [Executor] No tasks to execute
2026/01/29 04:23:54 [Executor] Running once...
2026/01/29 04:23:54 [Executor] No tasks to execute
2026/01/29 04:23:59 [Executor] Running once...
2026/01/29 04:23:59 [Executor] No tasks to execute
2026/01/29 04:24:04 [DNS Worker] Tick: processing DNS records...
2026/01/29 04:24:04 [Executor] Running once...
2026/01/29 04:24:04 [Executor] No tasks to execute
2026/01/29 04:24:04 [DNS Service] GetDeletionRecords: found 0 records (limit=10, error=<nil>)
2026/01/29 04:24:04 [DNS Worker] Tick done: present_candidates=0, absent_candidates=0, claimed_running=0, claim_skipped=0, success=0, error=0, deleted=0
2026/01/29 04:24:09 [Executor] Running once...
2026/01/29 04:24:09 [Executor] No tasks to execute
2026/01/29 04:24:14 [Executor] Running once...
2026/01/29 04:24:14 [Executor] No tasks to execute
2026/01/29 04:24:19 [Executor] Running once...
2026/01/29 04:24:19 [Executor] No tasks to execute
2026/01/29 04:24:24 [Executor] Running once...
2026/01/29 04:24:24 [Executor] No tasks to execute
2026/01/29 04:24:29 [Executor] Running once...
2026/01/29 04:24:29 [Executor] No tasks to execute
2026/01/29 04:24:34 [Executor] Running once...
2026/01/29 04:24:34 [DNS Worker] Tick: processing DNS records...
2026/01/29 04:24:34 [Executor] No tasks to execute
2026/01/29 04:24:34 [DNS Service] GetDeletionRecords: found 0 records (limit=10, error=<nil>)
2026/01/29 04:24:34 [DNS Worker] Tick done: present_candidates=0, absent_candidates=0, claimed_running=0, claim_skipped=0, success=0, error=0, deleted=0
2026/01/29 04:24:39 [Executor] Running once...
2026/01/29 04:24:39 [Executor] No tasks to execute
2026/01/29 04:24:44 [Executor] Running once...
2026/01/29 04:24:44 [Executor] No tasks to execute
2026/01/29 04:24:49 [Executor] Running once...
2026/01/29 04:24:49 [Executor] No tasks to execute
2026/01/29 04:24:54 [Executor] Running once...
2026/01/29 04:24:54 [Executor] No tasks to execute
2026/01/29 04:24:59 [Executor] Running once...
2026/01/29 04:24:59 [Executor] No tasks to execute
2026/01/29 04:25:04 [Executor] Running once...
2026/01/29 04:25:04 [DNS Worker] Tick: processing DNS records...
2026/01/29 04:25:04 [Executor] No tasks to execute
2026/01/29 04:25:04 [DNS Service] GetDeletionRecords: found 0 records (limit=10, error=<nil>)
2026/01/29 04:25:04 [DNS Worker] Tick done: present_candidates=0, absent_candidates=0, claimed_running=0, claim_skipped=0, success=0, error=0, deleted=0
2026/01/29 04:25:09 [Executor] Running once...
2026/01/29 04:25:09 [Executor] No tasks to execute
2026/01/29 04:25:14 [Executor] Running once...
2026/01/29 04:25:14 [Executor] No tasks to execute
2026/01/29 04:25:19 [Executor] Running once...
2026/01/29 04:25:19 [Executor] No tasks to execute
2026/01/29 04:25:24 [Executor] Running once...
2026/01/29 04:25:24 [Executor] No tasks to execute
2026/01/29 04:25:29 [Executor] Running once...
2026/01/29 04:25:29 [Executor] No tasks to execute
2026/01/29 04:25:34 [DNS Worker] Tick: processing DNS records...
2026/01/29 04:25:34 [Executor] Running once...
2026/01/29 04:25:34 [DNS Service] GetDeletionRecords: found 0 records (limit=10, error=<nil>)
2026/01/29 04:25:34 [DNS Worker] Tick done: present_candidates=0, absent_candidates=0, claimed_running=0, claim_skipped=0, success=0, error=0, deleted=0
2026/01/29 04:25:34 [Executor] No tasks to execute
2026/01/29 04:25:39 [Executor] Running once...
2026/01/29 04:25:39 [Executor] No tasks to execute
2026/01/29 04:25:44 [Executor] Running once...
2026/01/29 04:25:44 [Executor] No tasks to execute
2026/01/29 04:25:49 [Executor] Running once...
2026/01/29 04:25:49 [Executor] No tasks to execute
2026/01/29 04:25:54 [Executor] Running once...
2026/01/29 04:25:54 [Executor] No tasks to execute
2026/01/29 04:25:59 [Executor] Running once...
2026/01/29 04:25:59 [Executor] No tasks to execute
2026/01/29 04:26:04 [DNS Worker] Tick: processing DNS records...
2026/01/29 04:26:04 [Executor] Running once...
2026/01/29 04:26:04 [DNS Service] GetDeletionRecords: found 0 records (limit=10, error=<nil>)
2026/01/29 04:26:04 [DNS Worker] Tick done: present_candidates=0, absent_candidates=0, claimed_running=0, claim_skipped=0, success=0, error=0, deleted=0
2026/01/29 04:26:04 [Executor] No tasks to execute
2026/01/29 04:26:09 [Executor] Running once...
2026/01/29 04:26:09 [Executor] No tasks to execute
2026/01/29 04:26:14 [Executor] Running once...
2026/01/29 04:26:14 [Executor] No tasks to execute
2026/01/29 04:26:19 [Executor] Running once...
2026/01/29 04:26:19 [Executor] No tasks to execute
2026/01/29 04:26:24 [Executor] Running once...
2026/01/29 04:26:24 [Executor] No tasks to execute
2026/01/29 04:26:29 [Executor] Running once...
2026/01/29 04:26:29 [Executor] No tasks to execute
2026/01/29 04:26:34 [Executor] Running once...
2026/01/29 04:26:34 [DNS Worker] Tick: processing DNS records...
2026/01/29 04:26:34 [Executor] No tasks to execute
2026/01/29 04:26:34 [DNS Service] GetDeletionRecords: found 0 records (limit=10, error=<nil>)
2026/01/29 04:26:34 [DNS Worker] Tick done: present_candidates=0, absent_candidates=0, claimed_running=0, claim_skipped=0, success=0, error=0, deleted=0
2026/01/29 04:26:39 [Executor] Running once...
2026/01/29 04:26:39 [Executor] No tasks to execute
2026/01/29 04:26:44 [Executor] Running once...
2026/01/29 04:26:44 [Executor] No tasks to execute
2026/01/29 04:26:49 [Executor] Running once...
2026/01/29 04:26:49 [Executor] No tasks to execute
2026/01/29 04:26:54 [Executor] Running once...
2026/01/29 04:26:54 [Executor] No tasks to execute
2026/01/29 04:26:59 [Executor] Running once...
2026/01/29 04:26:59 [Executor] No tasks to execute
2026/01/29 04:27:04 [DNS Worker] Tick: processing DNS records...
2026/01/29 04:27:04 [Executor] Running once...
2026/01/29 04:27:04 [Executor] No tasks to execute
2026/01/29 04:27:04 [DNS Service] GetDeletionRecords: found 0 records (limit=10, error=<nil>)
2026/01/29 04:27:04 [DNS Worker] Tick done: present_candidates=0, absent_candidates=0, claimed_running=0, claim_skipped=0, success=0, error=0, deleted=0
2026/01/29 04:27:09 [Executor] Running once...
2026/01/29 04:27:09 [Executor] No tasks to execute
2026/01/29 04:27:14 [Executor] Running once...
2026/01/29 04:27:14 [Executor] No tasks to execute
2026/01/29 04:27:19 [Executor] Running once...
2026/01/29 04:27:19 [Executor] No tasks to execute
2026/01/29 04:27:24 [Executor] Running once...
2026/01/29 04:27:24 [Executor] No tasks to execute
2026/01/29 04:27:29 [Executor] Running once...
2026/01/29 04:27:29 [Executor] No tasks to execute
2026/01/29 04:27:34 [DNS Worker] Tick: processing DNS records...
2026/01/29 04:27:34 [Executor] Running once...
2026/01/29 04:27:34 [Executor] No tasks to execute
2026/01/29 04:27:34 [DNS Service] GetDeletionRecords: found 0 records (limit=10, error=<nil>)
2026/01/29 04:27:34 [DNS Worker] Tick done: present_candidates=0, absent_candidates=0, claimed_running=0, claim_skipped=0, success=0, error=0, deleted=0
2026/01/29 04:27:39 [Executor] Running once...
2026/01/29 04:27:39 [Executor] No tasks to execute
2026/01/29 04:27:44 [Executor] Running once...
2026/01/29 04:27:44 [Executor] No tasks to execute
2026/01/29 04:27:49 [Executor] Running once...
2026/01/29 04:27:49 [Executor] No tasks to execute
2026/01/29 04:27:54 [Executor] Running once...
2026/01/29 04:27:54 [Executor] No tasks to execute
2026/01/29 04:27:59 [Executor] Running once...
2026/01/29 04:27:59 [Executor] No tasks to execute
2026/01/29 04:28:04 [DNS Worker] Tick: processing DNS records...
2026/01/29 04:28:04 [Executor] Running once...
2026/01/29 04:28:04 [Executor] No tasks to execute
2026/01/29 04:28:04 [DNS Service] GetDeletionRecords: found 0 records (limit=10, error=<nil>)
2026/01/29 04:28:04 [DNS Worker] Tick done: present_candidates=0, absent_candidates=0, claimed_running=0, claim_skipped=0, success=0, error=0, deleted=0
2026/01/29 04:28:09 [Executor] Running once...
2026/01/29 04:28:09 [Executor] No tasks to execute
2026/01/29 04:28:14 [Executor] Running once...
2026/01/29 04:28:14 [Executor] No tasks to execute
2026/01/29 04:28:19 [Executor] Running once...
2026/01/29 04:28:19 [Executor] No tasks to execute
2026/01/29 04:28:24 [Executor] Running once...
2026/01/29 04:28:24 [Executor] No tasks to execute
2026/01/29 04:28:29 [Executor] Running once...
2026/01/29 04:28:29 [Executor] No tasks to execute
2026/01/29 04:28:34 [DNS Worker] Tick: processing DNS records...
2026/01/29 04:28:34 [RiskScanner] Running scheduled scan...
2026/01/29 04:28:34 [RiskScanner] Starting scan...
2026/01/29 04:28:34 [Executor] Running once...
2026/01/29 04:28:34 [Executor] No tasks to execute
2026/01/29 04:28:34 [DNS Service] GetDeletionRecords: found 0 records (limit=10, error=<nil>)
2026/01/29 04:28:34 [DNS Worker] Tick done: present_candidates=0, absent_candidates=0, claimed_running=0, claim_skipped=0, success=0, error=0, deleted=0
2026/01/29 04:28:34 [RiskScanner] Scan completed: 0 risks detected, 0 new, 0 updated
2026/01/29 04:28:39 [Executor] Running once...
2026/01/29 04:28:39 [Executor] No tasks to execute
2026/01/29 04:28:44 [Executor] Running once...
2026/01/29 04:28:44 [Executor] No tasks to execute
2026/01/29 04:28:49 [Executor] Running once...
2026/01/29 04:28:49 [Executor] No tasks to execute
2026/01/29 04:28:54 [Executor] Running once...
2026/01/29 04:28:54 [Executor] No tasks to execute
2026/01/29 04:28:59 [Executor] Running once...
2026/01/29 04:28:59 [Executor] No tasks to execute
2026/01/29 04:29:04 [Executor] Running once...
2026/01/29 04:29:04 [DNS Worker] Tick: processing DNS records...
2026/01/29 04:29:04 [Executor] No tasks to execute
2026/01/29 04:29:04 [DNS Service] GetDeletionRecords: found 0 records (limit=10, error=<nil>)
2026/01/29 04:29:04 [DNS Worker] Tick done: present_candidates=0, absent_candidates=0, claimed_running=0, claim_skipped=0, success=0, error=0, deleted=0
2026/01/29 04:29:09 [Executor] Running once...
2026/01/29 04:29:09 [Executor] No tasks to execute
2026/01/29 04:29:14 [Executor] Running once...
2026/01/29 04:29:14 [Executor] No tasks to execute
2026/01/29 04:29:19 [Executor] Running once...
2026/01/29 04:29:19 [Executor] No tasks to execute
2026/01/29 04:29:24 [Executor] Running once...
2026/01/29 04:29:24 [Executor] No tasks to execute
2026/01/29 04:29:29 [Executor] Running once...
2026/01/29 04:29:29 [Executor] No tasks to execute
2026/01/29 04:29:34 [Executor] Running once...
2026/01/29 04:29:34 [DNS Worker] Tick: processing DNS records...
2026/01/29 04:29:34 [Executor] No tasks to execute
2026/01/29 04:29:34 [DNS Service] GetDeletionRecords: found 0 records (limit=10, error=<nil>)
2026/01/29 04:29:34 [DNS Worker] Tick done: present_candidates=0, absent_candidates=0, claimed_running=0, claim_skipped=0, success=0, error=0, deleted=0
2026/01/29 04:29:39 [Executor] Running once...
2026/01/29 04:29:39 [Executor] No tasks to execute
2026/01/29 04:29:44 [Executor] Running once...
2026/01/29 04:29:44 [Executor] No tasks to execute
2026/01/29 04:29:49 [Executor] Running once...
2026/01/29 04:29:49 [Executor] No tasks to execute
2026/01/29 04:29:54 [Executor] Running once...
2026/01/29 04:29:54 [Executor] No tasks to execute
2026/01/29 04:29:59 [Executor] Running once...
2026/01/29 04:29:59 [Executor] No tasks to execute
2026/01/29 04:30:04 [DNS Worker] Tick: processing DNS records...
2026/01/29 04:30:04 [Executor] Running once...
2026/01/29 04:30:04 [Executor] No tasks to execute
2026/01/29 04:30:04 [DNS Service] GetDeletionRecords: found 0 records (limit=10, error=<nil>)
2026/01/29 04:30:04 [DNS Worker] Tick done: present_candidates=0, absent_candidates=0, claimed_running=0, claim_skipped=0, success=0, error=0, deleted=0
2026/01/29 04:30:09 [Executor] Running once...
2026/01/29 04:30:09 [Executor] No tasks to execute
2026/01/29 04:30:14 [Executor] Running once...
2026/01/29 04:30:14 [Executor] No tasks to execute
2026/01/29 04:30:19 [Executor] Running once...
2026/01/29 04:30:19 [Executor] No tasks to execute
2026/01/29 04:30:24 [Executor] Running once...
2026/01/29 04:30:24 [Executor] No tasks to execute
2026/01/29 04:30:29 [Executor] Running once...
2026/01/29 04:30:29 [Executor] No tasks to execute
[GIN] 2026/01/29 - 04:30:31 | 404 |         592ns |   117.215.60.91 | GET      "/boaform/admin/formLogin?username=admin&psd=admin"
2026/01/29 04:30:34 [Executor] Running once...
2026/01/29 04:30:34 [DNS Worker] Tick: processing DNS records...
2026/01/29 04:30:34 [Executor] No tasks to execute
2026/01/29 04:30:34 [DNS Service] GetDeletionRecords: found 0 records (limit=10, error=<nil>)
2026/01/29 04:30:34 [DNS Worker] Tick done: present_candidates=0, absent_candidates=0, claimed_running=0, claim_skipped=0, success=0, error=0, deleted=0
2026/01/29 04:30:39 [Executor] Running once...
2026/01/29 04:30:39 [Executor] No tasks to execute
2026/01/29 04:30:44 [Executor] Running once...
2026/01/29 04:30:44 [Executor] No tasks to execute
2026/01/29 04:30:49 [Executor] Running once...
2026/01/29 04:30:49 [Executor] No tasks to execute
2026/01/29 04:30:54 [Executor] Running once...
2026/01/29 04:30:54 [Executor] No tasks to execute
2026/01/29 04:30:59 [Executor] Running once...
2026/01/29 04:30:59 [Executor] No tasks to execute
2026/01/29 04:31:04 [DNS Worker] Tick: processing DNS records...
2026/01/29 04:31:04 [Executor] Running once...
2026/01/29 04:31:04 [DNS Service] GetDeletionRecords: found 0 records (limit=10, error=<nil>)
2026/01/29 04:31:04 [DNS Worker] Tick done: present_candidates=0, absent_candidates=0, claimed_running=0, claim_skipped=0, success=0, error=0, deleted=0
2026/01/29 04:31:04 [Executor] No tasks to execute
2026/01/29 04:31:09 [Executor] Running once...
2026/01/29 04:31:09 [Executor] No tasks to execute
2026/01/29 04:31:14 [Executor] Running once...
2026/01/29 04:31:14 [Executor] No tasks to execute
2026/01/29 04:31:19 [Executor] Running once...
2026/01/29 04:31:19 [Executor] No tasks to execute
2026/01/29 04:31:24 [Executor] Running once...
2026/01/29 04:31:24 [Executor] No tasks to execute
2026/01/29 04:31:29 [Executor] Running once...
2026/01/29 04:31:29 [Executor] No tasks to execute
2026/01/29 04:31:34 [DNS Worker] Tick: processing DNS records...
2026/01/29 04:31:34 [Executor] Running once...
2026/01/29 04:31:34 [Executor] No tasks to execute
2026/01/29 04:31:34 [DNS Service] GetDeletionRecords: found 0 records (limit=10, error=<nil>)
2026/01/29 04:31:34 [DNS Worker] Tick done: present_candidates=0, absent_candidates=0, claimed_running=0, claim_skipped=0, success=0, error=0, deleted=0
2026/01/29 04:31:39 [Executor] Running once...
2026/01/29 04:31:39 [Executor] No tasks to execute
2026/01/29 04:31:44 [Executor] Running once...
2026/01/29 04:31:44 [Executor] No tasks to execute
2026/01/29 04:31:49 [Executor] Running once...
2026/01/29 04:31:49 [Executor] No tasks to execute
2026/01/29 04:31:54 [Executor] Running once...
2026/01/29 04:31:54 [Executor] No tasks to execute
2026/01/29 04:31:59 [Executor] Running once...
2026/01/29 04:31:59 [Executor] No tasks to execute
2026/01/29 04:32:04 [DNS Worker] Tick: processing DNS records...
2026/01/29 04:32:04 [Executor] Running once...
2026/01/29 04:32:04 [DNS Service] GetDeletionRecords: found 0 records (limit=10, error=<nil>)
2026/01/29 04:32:04 [DNS Worker] Tick done: present_candidates=0, absent_candidates=0, claimed_running=0, claim_skipped=0, success=0, error=0, deleted=0
2026/01/29 04:32:04 [Executor] No tasks to execute
2026/01/29 04:32:09 [Executor] Running once...
2026/01/29 04:32:09 [Executor] No tasks to execute
2026/01/29 04:32:14 [Executor] Running once...
2026/01/29 04:32:14 [Executor] No tasks to execute
2026/01/29 04:32:19 [Executor] Running once...
2026/01/29 04:32:19 [Executor] No tasks to execute
2026/01/29 04:32:24 [Executor] Running once...
2026/01/29 04:32:24 [Executor] No tasks to execute
2026/01/29 04:32:29 [Executor] Running once...
2026/01/29 04:32:29 [Executor] No tasks to execute
2026/01/29 04:32:34 [DNS Worker] Tick: processing DNS records...
2026/01/29 04:32:34 [Executor] Running once...
2026/01/29 04:32:34 [Executor] No tasks to execute
2026/01/29 04:32:34 [DNS Service] GetDeletionRecords: found 0 records (limit=10, error=<nil>)
2026/01/29 04:32:34 [DNS Worker] Tick done: present_candidates=0, absent_candidates=0, claimed_running=0, claim_skipped=0, success=0, error=0, deleted=0
2026/01/29 04:32:39 [Executor] Running once...
2026/01/29 04:32:39 [Executor] No tasks to execute
2026/01/29 04:32:44 [Executor] Running once...
2026/01/29 04:32:44 [Executor] No tasks to execute
[GIN] 2026/01/29 - 04:32:46 | 404 |         881ns |     5.61.209.92 | GET      "/SDK/webLanguage"
2026/01/29 04:32:49 [Executor] Running once...
2026/01/29 04:32:49 [Executor] No tasks to execute
2026/01/29 04:32:54 [Executor] Running once...
2026/01/29 04:32:54 [Executor] No tasks to execute
2026/01/29 04:32:59 [Executor] Running once...
2026/01/29 04:32:59 [Executor] No tasks to execute
2026/01/29 04:33:00 [WebSocket] Handshake rejected: No token from 13.228.178.233:57967
[GIN] 2026/01/29 - 04:33:00 | 401 |      52.109µs |  13.228.178.233 | GET      "/socket.io/?EIO=4&transport=websocket"
[GIN] 2026/01/29 - 04:33:00 | 200 |    4.307331ms |  13.228.178.233 | GET      "/api/v1/websites?page=1&pageSize=15"
2026/01/29 04:33:02 [WebSocket] Handshake rejected: No token from 13.228.178.233:57985
[GIN] 2026/01/29 - 04:33:02 | 401 |      47.931µs |  13.228.178.233 | GET      "/socket.io/?EIO=4&transport=websocket"
2026/01/29 04:33:04 [DNS Worker] Tick: processing DNS records...
2026/01/29 04:33:04 [Executor] Running once...
2026/01/29 04:33:04 [Executor] No tasks to execute
2026/01/29 04:33:04 [DNS Service] GetDeletionRecords: found 0 records (limit=10, error=<nil>)
2026/01/29 04:33:04 [DNS Worker] Tick done: present_candidates=0, absent_candidates=0, claimed_running=0, claim_skipped=0, success=0, error=0, deleted=0
2026/01/29 04:33:04 [WebSocket] Handshake rejected: No token from 13.228.178.233:57998
[GIN] 2026/01/29 - 04:33:04 | 401 |      48.031µs |  13.228.178.233 | GET      "/socket.io/?EIO=4&transport=websocket"
[GIN] 2026/01/29 - 04:33:04 | 404 |         331ns |  13.228.178.233 | GET      "/api/v1/origin-groups?page=1&pageSize=15"
[GIN] 2026/01/29 - 04:33:05 | 404 |         391ns |     5.61.209.92 | GET      "/SDK/webLanguage"
2026/01/29 04:33:06 [WebSocket] Handshake rejected: No token from 13.228.178.233:58014
[GIN] 2026/01/29 - 04:33:06 | 401 |      55.695µs |  13.228.178.233 | GET      "/socket.io/?EIO=4&transport=websocket"
2026/01/29 04:33:09 [WebSocket] Handshake rejected: No token from 13.228.178.233:58028
[GIN] 2026/01/29 - 04:33:09 | 401 |      61.316µs |  13.228.178.233 | GET      "/socket.io/?EIO=4&transport=websocket"
2026/01/29 04:33:09 [Executor] Running once...
2026/01/29 04:33:09 [Executor] No tasks to execute
2026/01/29 04:33:11 [WebSocket] Handshake rejected: No token from 13.228.178.233:58041
[GIN] 2026/01/29 - 04:33:11 | 401 |      45.296µs |  13.228.178.233 | GET      "/socket.io/?EIO=4&transport=websocket"
2026/01/29 04:33:14 [Executor] Running once...
2026/01/29 04:33:14 [Executor] No tasks to execute
2026/01/29 04:33:16 [WebSocket] Handshake rejected: No token from 13.228.178.233:58073
[GIN] 2026/01/29 - 04:33:16 | 401 |      52.529µs |  13.228.178.233 | GET      "/socket.io/?EIO=4&transport=websocket"
2026/01/29 04:33:19 [Executor] Running once...
2026/01/29 04:33:19 [Executor] No tasks to execute
2026/01/29 04:33:22 [WebSocket] Handshake rejected: No token from 13.228.178.233:58101
[GIN] 2026/01/29 - 04:33:22 | 401 |      40.256µs |  13.228.178.233 | GET      "/socket.io/?EIO=4&transport=websocket"
2026/01/29 04:33:24 [Executor] Running once...
2026/01/29 04:33:24 [Executor] No tasks to execute
2026/01/29 04:33:29 [Executor] Running once...
2026/01/29 04:33:29 [Executor] No tasks to execute
[GIN] 2026/01/29 - 04:33:31 | 404 |         531ns |   45.79.207.111 | GET      "/"
2026/01/29 04:33:34 [RiskScanner] Running scheduled scan...
2026/01/29 04:33:34 [RiskScanner] Starting scan...
2026/01/29 04:33:34 [Executor] Running once...
2026/01/29 04:33:34 [DNS Worker] Tick: processing DNS records...
2026/01/29 04:33:34 [Executor] No tasks to execute
2026/01/29 04:33:34 [DNS Service] GetDeletionRecords: found 0 records (limit=10, error=<nil>)
2026/01/29 04:33:34 [DNS Worker] Tick done: present_candidates=0, absent_candidates=0, claimed_running=0, claim_skipped=0, success=0, error=0, deleted=0
2026/01/29 04:33:34 [RiskScanner] Scan completed: 0 risks detected, 0 new, 0 updated
2026/01/29 04:33:39 [Executor] Running once...
2026/01/29 04:33:39 [Executor] No tasks to execute
2026/01/29 04:33:44 [Executor] Running once...
2026/01/29 04:33:44 [Executor] No tasks to execute
2026/01/29 04:33:49 [Executor] Running once...
2026/01/29 04:33:49 [Executor] No tasks to execute
2026/01/29 04:33:54 [Executor] Running once...
2026/01/29 04:33:54 [Executor] No tasks to execute
2026/01/29 04:33:59 [Executor] Running once...
2026/01/29 04:33:59 [Executor] No tasks to execute
2026/01/29 04:34:04 [Executor] Running once...
2026/01/29 04:34:04 [DNS Worker] Tick: processing DNS records...
2026/01/29 04:34:04 [Executor] No tasks to execute
2026/01/29 04:34:04 [DNS Service] GetDeletionRecords: found 0 records (limit=10, error=<nil>)
2026/01/29 04:34:04 [DNS Worker] Tick done: present_candidates=0, absent_candidates=0, claimed_running=0, claim_skipped=0, success=0, error=0, deleted=0
2026/01/29 04:34:09 [Executor] Running once...
2026/01/29 04:34:09 [Executor] No tasks to execute
2026/01/29 04:34:14 [Executor] Running once...
2026/01/29 04:34:14 [Executor] No tasks to execute
2026/01/29 04:34:19 [Executor] Running once...
2026/01/29 04:34:19 [Executor] No tasks to execute
2026/01/29 04:34:24 [Executor] Running once...
2026/01/29 04:34:24 [Executor] No tasks to execute
2026/01/29 04:34:29 [Executor] Running once...
2026/01/29 04:34:29 [Executor] No tasks to execute
2026/01/29 04:34:34 [Executor] Running once...
2026/01/29 04:34:34 [DNS Worker] Tick: processing DNS records...
2026/01/29 04:34:34 [Executor] No tasks to execute
2026/01/29 04:34:34 [DNS Service] GetDeletionRecords: found 0 records (limit=10, error=<nil>)
2026/01/29 04:34:34 [DNS Worker] Tick done: present_candidates=0, absent_candidates=0, claimed_running=0, claim_skipped=0, success=0, error=0, deleted=0
2026/01/29 04:34:39 [Executor] Running once...
2026/01/29 04:34:39 [Executor] No tasks to execute
2026/01/29 04:34:44 [Executor] Running once...
2026/01/29 04:34:44 [Executor] No tasks to execute
2026/01/29 04:34:49 [Executor] Running once...
2026/01/29 04:34:49 [Executor] No tasks to execute
2026/01/29 04:34:54 [Executor] Running once...
2026/01/29 04:34:54 [Executor] No tasks to execute
2026/01/29 04:34:59 [Executor] Running once...
2026/01/29 04:34:59 [Executor] No tasks to execute
2026/01/29 04:35:04 [Executor] Running once...
2026/01/29 04:35:04 [DNS Worker] Tick: processing DNS records...
2026/01/29 04:35:04 [Executor] No tasks to execute
2026/01/29 04:35:04 [DNS Service] GetDeletionRecords: found 0 records (limit=10, error=<nil>)
2026/01/29 04:35:04 [DNS Worker] Tick done: present_candidates=0, absent_candidates=0, claimed_running=0, claim_skipped=0, success=0, error=0, deleted=0
2026/01/29 04:35:09 [Executor] Running once...
2026/01/29 04:35:09 [Executor] No tasks to execute
2026/01/29 04:35:14 [Executor] Running once...
2026/01/29 04:35:14 [Executor] No tasks to execute
2026/01/29 04:35:19 [Executor] Running once...
2026/01/29 04:35:19 [Executor] No tasks to execute
2026/01/29 04:35:24 [Executor] Running once...
2026/01/29 04:35:24 [Executor] No tasks to execute
2026/01/29 04:35:29 [Executor] Running once...
2026/01/29 04:35:29 [Executor] No tasks to execute
2026/01/29 04:35:34 [Executor] Running once...
2026/01/29 04:35:34 [DNS Worker] Tick: processing DNS records...
2026/01/29 04:35:34 [Executor] No tasks to execute
2026/01/29 04:35:34 [DNS Service] GetDeletionRecords: found 0 records (limit=10, error=<nil>)
2026/01/29 04:35:34 [DNS Worker] Tick done: present_candidates=0, absent_candidates=0, claimed_running=0, claim_skipped=0, success=0, error=0, deleted=0
2026/01/29 04:35:39 [Executor] Running once...
2026/01/29 04:35:39 [Executor] No tasks to execute
2026/01/29 04:35:44 [Executor] Running once...
2026/01/29 04:35:44 [Executor] No tasks to execute
2026/01/29 04:35:49 [Executor] Running once...
2026/01/29 04:35:49 [Executor] No tasks to execute
2026/01/29 04:35:51 [WebSocket] Handshake rejected: No token from 13.228.178.233:59196
[GIN] 2026/01/29 - 04:35:51 | 401 |      46.779µs |  13.228.178.233 | GET      "/socket.io/?EIO=4&transport=websocket"
[GIN] 2026/01/29 - 04:35:52 | 200 |    3.201091ms |  13.228.178.233 | GET      "/api/v1/origin-groups/list?page=1&pageSize=15"
2026/01/29 04:35:53 [WebSocket] Handshake rejected: No token from 13.228.178.233:59209
[GIN] 2026/01/29 - 04:35:53 | 401 |       58.05µs |  13.228.178.233 | GET      "/socket.io/?EIO=4&transport=websocket"
2026/01/29 04:35:54 [Executor] Running once...
2026/01/29 04:35:54 [Executor] No tasks to execute
2026/01/29 04:35:57 [WebSocket] Handshake rejected: No token from 13.228.178.233:59231
[GIN] 2026/01/29 - 04:35:57 | 401 |        63.6µs |  13.228.178.233 | GET      "/socket.io/?EIO=4&transport=websocket"
[GIN] 2026/01/29 - 04:35:59 | 200 |     717.958µs |  13.228.178.233 | GET      "/api/v1/origin-sets?originGroupId=2&page=1&pageSize=20"
2026/01/29 04:35:59 [Executor] Running once...
2026/01/29 04:35:59 [Executor] No tasks to execute
2026/01/29 04:36:02 [WebSocket] Handshake rejected: No token from 13.228.178.233:59262
[GIN] 2026/01/29 - 04:36:02 | 401 |      75.413µs |  13.228.178.233 | GET      "/socket.io/?EIO=4&transport=websocket"
2026/01/29 04:36:04 [DNS Worker] Tick: processing DNS records...
2026/01/29 04:36:04 [Executor] Running once...
2026/01/29 04:36:04 [DNS Service] GetDeletionRecords: found 0 records (limit=10, error=<nil>)
2026/01/29 04:36:04 [DNS Worker] Tick done: present_candidates=0, absent_candidates=0, claimed_running=0, claim_skipped=0, success=0, error=0, deleted=0
2026/01/29 04:36:04 [Executor] No tasks to execute
2026/01/29 04:36:07 [WebSocket] Handshake rejected: No token from 13.228.178.233:59529
[GIN] 2026/01/29 - 04:36:07 | 401 |      88.587µs |  13.228.178.233 | GET      "/socket.io/?EIO=4&transport=websocket"
[GIN] 2026/01/29 - 04:36:07 | 200 |    2.779637ms |  13.228.178.233 | GET      "/api/v1/origin-groups/list?page=1&pageSize=15"
2026/01/29 04:36:09 [Executor] Running once...
2026/01/29 04:36:09 [Executor] No tasks to execute
[GIN] 2026/01/29 - 04:36:09 | 200 |     725.707µs |  13.228.178.233 | GET      "/api/v1/origin-sets?originGroupId=2&page=1&pageSize=20"
2026/01/29 04:36:10 [WebSocket] Handshake rejected: No token from 13.228.178.233:59549
[GIN] 2026/01/29 - 04:36:10 | 401 |      49.624µs |  13.228.178.233 | GET      "/socket.io/?EIO=4&transport=websocket"
2026/01/29 04:36:14 [Executor] Running once...
2026/01/29 04:36:14 [Executor] No tasks to execute
2026/01/29 04:36:15 [WebSocket] Handshake rejected: No token from 13.228.178.233:59580
[GIN] 2026/01/29 - 04:36:15 | 401 |      50.956µs |  13.228.178.233 | GET      "/socket.io/?EIO=4&transport=websocket"
2026/01/29 04:36:19 [Executor] Running once...
2026/01/29 04:36:19 [Executor] No tasks to execute
2026/01/29 04:36:20 [WebSocket] Handshake rejected: No token from 13.228.178.233:59609
[GIN] 2026/01/29 - 04:36:20 | 401 |      47.069µs |  13.228.178.233 | GET      "/socket.io/?EIO=4&transport=websocket"
2026/01/29 04:36:24 [Executor] Running once...
2026/01/29 04:36:24 [Executor] No tasks to execute
2026/01/29 04:36:25 [WebSocket] Handshake rejected: No token from 13.228.178.233:59635
[GIN] 2026/01/29 - 04:36:25 | 401 |      39.114µs |  13.228.178.233 | GET      "/socket.io/?EIO=4&transport=websocket"
2026/01/29 04:36:29 [Executor] Running once...
2026/01/29 04:36:29 [Executor] No tasks to execute
2026/01/29 04:36:34 [DNS Worker] Tick: processing DNS records...
2026/01/29 04:36:34 [Executor] Running once...
2026/01/29 04:36:34 [Executor] No tasks to execute
2026/01/29 04:36:34 [DNS Service] GetDeletionRecords: found 0 records (limit=10, error=<nil>)
2026/01/29 04:36:34 [DNS Worker] Tick done: present_candidates=0, absent_candidates=0, claimed_running=0, claim_skipped=0, success=0, error=0, deleted=0
2026/01/29 04:36:39 [Executor] Running once...
2026/01/29 04:36:39 [Executor] No tasks to execute
2026/01/29 04:36:44 [Executor] Running once...
2026/01/29 04:36:44 [Executor] No tasks to execute
2026/01/29 04:36:49 [Executor] Running once...
2026/01/29 04:36:49 [Executor] No tasks to execute
2026/01/29 04:36:54 [Executor] Running once...
2026/01/29 04:36:54 [Executor] No tasks to execute
2026/01/29 04:36:59 [Executor] Running once...
2026/01/29 04:36:59 [Executor] No tasks to execute
[GIN] 2026/01/29 - 04:36:59 | 400 |       89.99µs |  13.228.178.233 | GET      "/api/v1/origin-sets/detail"
2026/01/29 04:37:04 [DNS Worker] Tick: processing DNS records...
2026/01/29 04:37:04 [Executor] Running once...
2026/01/29 04:37:04 [Executor] No tasks to execute
2026/01/29 04:37:04 [DNS Service] GetDeletionRecords: found 0 records (limit=10, error=<nil>)
2026/01/29 04:37:04 [DNS Worker] Tick done: present_candidates=0, absent_candidates=0, claimed_running=0, claim_skipped=0, success=0, error=0, deleted=0
2026/01/29 04:37:09 [Executor] Running once...
2026/01/29 04:37:09 [Executor] No tasks to execute
2026/01/29 04:37:14 [Executor] Running once...
2026/01/29 04:37:14 [Executor] No tasks to execute
2026/01/29 04:37:19 [Executor] Running once...
2026/01/29 04:37:19 [Executor] No tasks to execute
2026/01/29 04:37:24 [Executor] Running once...
2026/01/29 04:37:24 [Executor] No tasks to execute
2026/01/29 04:37:29 [Executor] Running once...
2026/01/29 04:37:29 [Executor] No tasks to execute
2026/01/29 04:37:34 [Executor] Running once...
2026/01/29 04:37:34 [DNS Worker] Tick: processing DNS records...
2026/01/29 04:37:34 [Executor] No tasks to execute
2026/01/29 04:37:34 [DNS Service] GetDeletionRecords: found 0 records (limit=10, error=<nil>)
2026/01/29 04:37:34 [DNS Worker] Tick done: present_candidates=0, absent_candidates=0, claimed_running=0, claim_skipped=0, success=0, error=0, deleted=0
2026/01/29 04:37:39 [Executor] Running once...
2026/01/29 04:37:39 [Executor] No tasks to execute
2026/01/29 04:37:44 [Executor] Running once...
2026/01/29 04:37:44 [Executor] No tasks to execute
2026/01/29 04:37:49 [Executor] Running once...
2026/01/29 04:37:49 [Executor] No tasks to execute
2026/01/29 04:37:54 [Executor] Running once...
2026/01/29 04:37:54 [Executor] No tasks to execute
2026/01/29 04:37:59 [Executor] Running once...
2026/01/29 04:37:59 [Executor] No tasks to execute
2026/01/29 04:38:04 [DNS Worker] Tick: processing DNS records...
2026/01/29 04:38:04 [Executor] Running once...
2026/01/29 04:38:04 [Executor] No tasks to execute
2026/01/29 04:38:04 [DNS Service] GetDeletionRecords: found 0 records (limit=10, error=<nil>)
2026/01/29 04:38:04 [DNS Worker] Tick done: present_candidates=0, absent_candidates=0, claimed_running=0, claim_skipped=0, success=0, error=0, deleted=0
2026/01/29 04:38:09 [Executor] Running once...
2026/01/29 04:38:09 [Executor] No tasks to execute
2026/01/29 04:38:14 [Executor] Running once...
2026/01/29 04:38:14 [Executor] No tasks to execute
2026/01/29 04:38:19 [Executor] Running once...
2026/01/29 04:38:19 [Executor] No tasks to execute
2026/01/29 04:38:24 [Executor] Running once...
2026/01/29 04:38:24 [Executor] No tasks to execute
2026/01/29 04:38:29 [Executor] Running once...
2026/01/29 04:38:29 [Executor] No tasks to execute
2026/01/29 04:38:34 [DNS Worker] Tick: processing DNS records...
2026/01/29 04:38:34 [Executor] Running once...
2026/01/29 04:38:34 [RiskScanner] Running scheduled scan...
2026/01/29 04:38:34 [RiskScanner] Starting scan...
2026/01/29 04:38:34 [Executor] No tasks to execute
2026/01/29 04:38:34 [DNS Service] GetDeletionRecords: found 0 records (limit=10, error=<nil>)
2026/01/29 04:38:34 [DNS Worker] Tick done: present_candidates=0, absent_candidates=0, claimed_running=0, claim_skipped=0, success=0, error=0, deleted=0
2026/01/29 04:38:34 [RiskScanner] Scan completed: 0 risks detected, 0 new, 0 updated
[GIN] 2026/01/29 - 04:38:36 | 200 |    1.599797ms |  13.228.178.233 | GET      "/api/v1/origin-groups/detail?id=2"
2026/01/29 04:38:39 [Executor] Running once...
2026/01/29 04:38:39 [Executor] No tasks to execute
2026/01/29 04:38:44 [Executor] Running once...
2026/01/29 04:38:44 [Executor] No tasks to execute
2026/01/29 04:38:49 [Executor] Running once...
2026/01/29 04:38:49 [Executor] No tasks to execute
2026/01/29 04:38:54 [Executor] Running once...
2026/01/29 04:38:54 [Executor] No tasks to execute
2026/01/29 04:38:59 [Executor] Running once...
2026/01/29 04:38:59 [Executor] No tasks to execute
2026/01/29 04:39:04 [DNS Worker] Tick: processing DNS records...
2026/01/29 04:39:04 [Executor] Running once...
2026/01/29 04:39:04 [Executor] No tasks to execute
2026/01/29 04:39:04 [DNS Service] GetDeletionRecords: found 0 records (limit=10, error=<nil>)
2026/01/29 04:39:04 [DNS Worker] Tick done: present_candidates=0, absent_candidates=0, claimed_running=0, claim_skipped=0, success=0, error=0, deleted=0
2026/01/29 04:39:09 [Executor] Running once...
2026/01/29 04:39:09 [Executor] No tasks to execute
2026/01/29 04:39:14 [Executor] Running once...
2026/01/29 04:39:14 [Executor] No tasks to execute
2026/01/29 04:39:19 [Executor] Running once...
2026/01/29 04:39:19 [Executor] No tasks to execute
2026/01/29 04:39:24 [Executor] Running once...
2026/01/29 04:39:24 [Executor] No tasks to execute
2026/01/29 04:39:29 [Executor] Running once...
2026/01/29 04:39:29 [Executor] No tasks to execute
2026/01/29 04:39:34 [Executor] Running once...
2026/01/29 04:39:34 [DNS Worker] Tick: processing DNS records...
2026/01/29 04:39:34 [Executor] No tasks to execute
2026/01/29 04:39:34 [DNS Service] GetDeletionRecords: found 0 records (limit=10, error=<nil>)
2026/01/29 04:39:34 [DNS Worker] Tick done: present_candidates=0, absent_candidates=0, claimed_running=0, claim_skipped=0, success=0, error=0, deleted=0
2026/01/29 04:39:39 [Executor] Running once...
2026/01/29 04:39:39 [Executor] No tasks to execute
2026/01/29 04:39:44 [Executor] Running once...
2026/01/29 04:39:44 [Executor] No tasks to execute
2026/01/29 04:39:49 [Executor] Running once...
2026/01/29 04:39:49 [Executor] No tasks to execute
2026/01/29 04:39:54 [Executor] Running once...
2026/01/29 04:39:54 [Executor] No tasks to execute
2026/01/29 04:39:59 [Executor] Running once...
2026/01/29 04:39:59 [Executor] No tasks to execute
2026/01/29 04:40:04 [DNS Worker] Tick: processing DNS records...
2026/01/29 04:40:04 [Executor] Running once...
2026/01/29 04:40:04 [Executor] No tasks to execute
2026/01/29 04:40:04 [DNS Service] GetDeletionRecords: found 0 records (limit=10, error=<nil>)
2026/01/29 04:40:04 [DNS Worker] Tick done: present_candidates=0, absent_candidates=0, claimed_running=0, claim_skipped=0, success=0, error=0, deleted=0
2026/01/29 04:40:09 [Executor] Running once...
2026/01/29 04:40:09 [Executor] No tasks to execute
2026/01/29 04:40:14 [Executor] Running once...
2026/01/29 04:40:14 [Executor] No tasks to execute
2026/01/29 04:40:19 [Executor] Running once...
2026/01/29 04:40:19 [Executor] No tasks to execute
2026/01/29 04:40:24 [Executor] Running once...
2026/01/29 04:40:24 [Executor] No tasks to execute
2026/01/29 04:40:29 [Executor] Running once...
2026/01/29 04:40:29 [Executor] No tasks to execute
2026/01/29 04:40:34 [DNS Worker] Tick: processing DNS records...
2026/01/29 04:40:34 [Executor] Running once...
2026/01/29 04:40:34 [Executor] No tasks to execute
2026/01/29 04:40:34 [DNS Service] GetDeletionRecords: found 0 records (limit=10, error=<nil>)
2026/01/29 04:40:34 [DNS Worker] Tick done: present_candidates=0, absent_candidates=0, claimed_running=0, claim_skipped=0, success=0, error=0, deleted=0
2026/01/29 04:40:39 [Executor] Running once...
2026/01/29 04:40:39 [Executor] No tasks to execute
2026/01/29 04:40:44 [Executor] Running once...
2026/01/29 04:40:44 [Executor] No tasks to execute
2026/01/29 04:40:49 [Executor] Running once...
2026/01/29 04:40:49 [Executor] No tasks to execute
2026/01/29 04:40:53 [WebSocket] Handshake rejected: No token from 13.228.178.233:61371
[GIN] 2026/01/29 - 04:40:53 | 401 |      43.492µs |  13.228.178.233 | GET      "/socket.io/?EIO=4&transport=websocket"
[GIN] 2026/01/29 - 04:40:53 | 200 |    2.987213ms |  13.228.178.233 | GET      "/api/v1/origin-groups/list?page=1&pageSize=15"
2026/01/29 04:40:54 [Executor] Running once...
2026/01/29 04:40:54 [Executor] No tasks to execute
[GIN] 2026/01/29 - 04:40:54 | 200 |     780.741µs |  13.228.178.233 | GET      "/api/v1/origin-sets?originGroupId=2&page=1&pageSize=20"
2026/01/29 04:40:55 [WebSocket] Handshake rejected: No token from 13.228.178.233:61391
[GIN] 2026/01/29 - 04:40:55 | 401 |      44.423µs |  13.228.178.233 | GET      "/socket.io/?EIO=4&transport=websocket"
2026/01/29 04:40:59 [Executor] Running once...
2026/01/29 04:40:59 [Executor] No tasks to execute
2026/01/29 04:41:00 [WebSocket] Handshake rejected: No token from 13.228.178.233:61422
[GIN] 2026/01/29 - 04:41:00 | 401 |      61.506µs |  13.228.178.233 | GET      "/socket.io/?EIO=4&transport=websocket"
2026/01/29 04:41:04 [Executor] Running once...
2026/01/29 04:41:04 [DNS Worker] Tick: processing DNS records...
2026/01/29 04:41:04 [Executor] No tasks to execute
2026/01/29 04:41:04 [DNS Service] GetDeletionRecords: found 0 records (limit=10, error=<nil>)
2026/01/29 04:41:04 [DNS Worker] Tick done: present_candidates=0, absent_candidates=0, claimed_running=0, claim_skipped=0, success=0, error=0, deleted=0
2026/01/29 04:41:06 [WebSocket] Handshake rejected: No token from 13.228.178.233:61449
[GIN] 2026/01/29 - 04:41:06 | 401 |       52.86µs |  13.228.178.233 | GET      "/socket.io/?EIO=4&transport=websocket"
2026/01/29 04:41:09 [Executor] Running once...
2026/01/29 04:41:09 [Executor] No tasks to execute
2026/01/29 04:41:11 [WebSocket] Handshake rejected: No token from 13.228.178.233:61478
[GIN] 2026/01/29 - 04:41:11 | 401 |       74.26µs |  13.228.178.233 | GET      "/socket.io/?EIO=4&transport=websocket"
2026/01/29 04:41:14 [Executor] Running once...
2026/01/29 04:41:14 [Executor] No tasks to execute
[GIN] 2026/01/29 - 04:41:14 | 200 |     1.33202ms |  13.228.178.233 | GET      "/api/v1/origin-groups/detail?id=2"
2026/01/29 04:41:19 [Executor] Running once...
2026/01/29 04:41:19 [Executor] No tasks to execute
2026/01/29 04:41:24 [Executor] Running once...
2026/01/29 04:41:24 [Executor] No tasks to execute
2026/01/29 04:41:29 [Executor] Running once...
2026/01/29 04:41:29 [Executor] No tasks to execute
2026/01/29 04:41:34 [DNS Worker] Tick: processing DNS records...
2026/01/29 04:41:34 [Executor] Running once...
2026/01/29 04:41:34 [Executor] No tasks to execute
2026/01/29 04:41:34 [DNS Service] GetDeletionRecords: found 0 records (limit=10, error=<nil>)
2026/01/29 04:41:34 [DNS Worker] Tick done: present_candidates=0, absent_candidates=0, claimed_running=0, claim_skipped=0, success=0, error=0, deleted=0
2026/01/29 04:41:39 [Executor] Running once...
2026/01/29 04:41:39 [Executor] No tasks to execute
2026/01/29 04:41:44 [Executor] Running once...
2026/01/29 04:41:44 [Executor] No tasks to execute
2026/01/29 04:41:49 [Executor] Running once...
2026/01/29 04:41:49 [Executor] No tasks to execute
2026/01/29 04:41:54 [Executor] Running once...
2026/01/29 04:41:54 [Executor] No tasks to execute
2026/01/29 04:41:57 [WebSocket] Handshake rejected: No token from 13.228.178.233:61741
[GIN] 2026/01/29 - 04:41:57 | 401 |      55.053µs |  13.228.178.233 | GET      "/socket.io/?EIO=4&transport=websocket"
[GIN] 2026/01/29 - 04:41:57 | 200 |    4.152323ms |  13.228.178.233 | GET      "/api/v1/websites?page=1&pageSize=15"
2026/01/29 04:41:59 [Executor] Running once...
2026/01/29 04:41:59 [Executor] No tasks to execute

2026/01/29 04:42:01 [31;1m/opt/go_cmdb/api/v1/websites/handler.go:761 [35;1mError 1451 (23000): Cannot delete or update a parent row: a foreign key constraint fails (`cdn_control`.`websites`, CONSTRAINT `fk_websites_origin_set` FOREIGN KEY (`origin_set_id`) REFERENCES `origin_sets` (`id`))
[0m[33m[0.671ms] [34;1m[rows:0][0m DELETE FROM `origin_sets` WHERE `origin_sets`.`id` = 1
2026/01/29 04:42:01 [ERROR] failed to delete origin set (code=5002, internal_err=Error 1451 (23000): Cannot delete or update a parent row: a foreign key constraint fails (`cdn_control`.`websites`, CONSTRAINT `fk_websites_origin_set` FOREIGN KEY (`origin_set_id`) REFERENCES `origin_sets` (`id`)))
[GIN] 2026/01/29 - 04:42:01 | 500 |    9.315723ms |  13.228.178.233 | POST     "/api/v1/websites/delete"
2026/01/29 04:42:04 [DNS Worker] Tick: processing DNS records...
2026/01/29 04:42:04 [Executor] Running once...
2026/01/29 04:42:04 [Executor] No tasks to execute
2026/01/29 04:42:04 [DNS Service] GetDeletionRecords: found 0 records (limit=10, error=<nil>)
2026/01/29 04:42:04 [DNS Worker] Tick done: present_candidates=0, absent_candidates=0, claimed_running=0, claim_skipped=0, success=0, error=0, deleted=0
2026/01/29 04:42:09 [Executor] Running once...
2026/01/29 04:42:09 [Executor] No tasks to execute
2026/01/29 04:42:14 [Executor] Running once...
2026/01/29 04:42:14 [Executor] No tasks to execute
2026/01/29 04:42:19 [Executor] Running once...
2026/01/29 04:42:19 [Executor] No tasks to execute
2026/01/29 04:42:24 [Executor] Running once...
2026/01/29 04:42:24 [Executor] No tasks to execute
2026/01/29 04:42:29 [Executor] Running once...
2026/01/29 04:42:29 [Executor] No tasks to execute
2026/01/29 04:42:34 [DNS Worker] Tick: processing DNS records...
2026/01/29 04:42:34 [Executor] Running once...
2026/01/29 04:42:34 [Executor] No tasks to execute
2026/01/29 04:42:34 [DNS Service] GetDeletionRecords: found 0 records (limit=10, error=<nil>)
2026/01/29 04:42:34 [DNS Worker] Tick done: present_candidates=0, absent_candidates=0, claimed_running=0, claim_skipped=0, success=0, error=0, deleted=0
2026/01/29 04:42:39 [Executor] Running once...
2026/01/29 04:42:39 [Executor] No tasks to execute
2026/01/29 04:42:44 [Executor] Running once...
2026/01/29 04:42:44 [Executor] No tasks to execute
2026/01/29 04:42:49 [Executor] Running once...
2026/01/29 04:42:49 [Executor] No tasks to execute
2026/01/29 04:42:54 [Executor] Running once...
2026/01/29 04:42:54 [Executor] No tasks to execute
2026/01/29 04:42:59 [Executor] Running once...
2026/01/29 04:42:59 [Executor] No tasks to execute
2026/01/29 04:43:04 [Executor] Running once...
2026/01/29 04:43:04 [DNS Worker] Tick: processing DNS records...
2026/01/29 04:43:04 [Executor] No tasks to execute
2026/01/29 04:43:04 [DNS Service] GetDeletionRecords: found 0 records (limit=10, error=<nil>)
2026/01/29 04:43:04 [DNS Worker] Tick done: present_candidates=0, absent_candidates=0, claimed_running=0, claim_skipped=0, success=0, error=0, deleted=0
2026/01/29 04:43:09 [Executor] Running once...
2026/01/29 04:43:09 [Executor] No tasks to execute
2026/01/29 04:43:14 [WebSocket] Handshake rejected: No token from 13.228.178.233:62184
[GIN] 2026/01/29 - 04:43:14 | 401 |      66.686µs |  13.228.178.233 | GET      "/socket.io/?EIO=4&transport=websocket"
[GIN] 2026/01/29 - 04:43:14 | 200 |    2.830812ms |  13.228.178.233 | GET      "/api/v1/origin-groups/list?page=1&pageSize=15"
2026/01/29 04:43:14 [Executor] Running once...
2026/01/29 04:43:14 [Executor] No tasks to execute
[GIN] 2026/01/29 - 04:43:15 | 200 |     654.967µs |  13.228.178.233 | GET      "/api/v1/origin-sets?originGroupId=2&page=1&pageSize=20"
2026/01/29 04:43:19 [Executor] Running once...
2026/01/29 04:43:19 [Executor] No tasks to execute
2026/01/29 04:43:24 [Executor] Running once...
2026/01/29 04:43:24 [Executor] No tasks to execute
2026/01/29 04:43:29 [Executor] Running once...
2026/01/29 04:43:29 [Executor] No tasks to execute
2026/01/29 04:43:34 [Executor] Running once...
2026/01/29 04:43:34 [RiskScanner] Running scheduled scan...
2026/01/29 04:43:34 [RiskScanner] Starting scan...
2026/01/29 04:43:34 [DNS Worker] Tick: processing DNS records...
2026/01/29 04:43:34 [Executor] No tasks to execute
2026/01/29 04:43:34 [DNS Service] GetDeletionRecords: found 0 records (limit=10, error=<nil>)
2026/01/29 04:43:34 [DNS Worker] Tick done: present_candidates=0, absent_candidates=0, claimed_running=0, claim_skipped=0, success=0, error=0, deleted=0
2026/01/29 04:43:34 [RiskScanner] Scan completed: 0 risks detected, 0 new, 0 updated
2026/01/29 04:43:39 [Executor] Running once...
2026/01/29 04:43:39 [Executor] No tasks to execute
2026/01/29 04:43:44 [Executor] Running once...
2026/01/29 04:43:44 [Executor] No tasks to execute
2026/01/29 04:43:49 [Executor] Running once...
2026/01/29 04:43:49 [Executor] No tasks to execute
2026/01/29 04:43:53 [WebSocket] Handshake rejected: No token from 13.228.178.233:62651
[GIN] 2026/01/29 - 04:43:53 | 401 |      59.883µs |  13.228.178.233 | GET      "/socket.io/?EIO=4&transport=websocket"
[GIN] 2026/01/29 - 04:43:54 | 200 |    2.885801ms |  13.228.178.233 | GET      "/api/v1/origin-groups/list?page=1&pageSize=15"
2026/01/29 04:43:54 [Executor] Running once...
2026/01/29 04:43:54 [Executor] No tasks to execute
2026/01/29 04:43:55 [WebSocket] Handshake rejected: No token from 13.228.178.233:62662
[GIN] 2026/01/29 - 04:43:55 | 401 |      48.141µs |  13.228.178.233 | GET      "/socket.io/?EIO=4&transport=websocket"
2026/01/29 04:43:59 [Executor] Running once...
2026/01/29 04:43:59 [Executor] No tasks to execute
2026/01/29 04:44:00 [WebSocket] Handshake rejected: No token from 13.228.178.233:62696
[GIN] 2026/01/29 - 04:44:00 | 401 |      56.427µs |  13.228.178.233 | GET      "/socket.io/?EIO=4&transport=websocket"
2026/01/29 04:44:04 [DNS Worker] Tick: processing DNS records...
2026/01/29 04:44:04 [Executor] Running once...
2026/01/29 04:44:04 [DNS Service] GetDeletionRecords: found 0 records (limit=10, error=<nil>)
2026/01/29 04:44:04 [DNS Worker] Tick done: present_candidates=0, absent_candidates=0, claimed_running=0, claim_skipped=0, success=0, error=0, deleted=0
2026/01/29 04:44:04 [Executor] No tasks to execute
2026/01/29 04:44:06 [WebSocket] Handshake rejected: No token from 13.228.178.233:62723
[GIN] 2026/01/29 - 04:44:06 | 401 |      43.873µs |  13.228.178.233 | GET      "/socket.io/?EIO=4&transport=websocket"
2026/01/29 04:44:09 [Executor] Running once...
2026/01/29 04:44:09 [Executor] No tasks to execute
[GIN] 2026/01/29 - 04:44:10 | 200 |     708.832µs |  13.228.178.233 | GET      "/api/v1/origin-sets?originGroupId=2&page=1&pageSize=20"
2026/01/29 04:44:11 [WebSocket] Handshake rejected: No token from 13.228.178.233:62755
[GIN] 2026/01/29 - 04:44:11 | 401 |      36.008µs |  13.228.178.233 | GET      "/socket.io/?EIO=4&transport=websocket"
2026/01/29 04:44:14 [Executor] Running once...
2026/01/29 04:44:14 [Executor] No tasks to execute
2026/01/29 04:44:19 [Executor] Running once...
2026/01/29 04:44:19 [Executor] No tasks to execute
2026/01/29 04:44:24 [Executor] Running once...
2026/01/29 04:44:24 [Executor] No tasks to execute
2026/01/29 04:44:29 [Executor] Running once...
2026/01/29 04:44:29 [Executor] No tasks to execute
2026/01/29 04:44:34 [Executor] Running once...
2026/01/29 04:44:34 [DNS Worker] Tick: processing DNS records...
2026/01/29 04:44:34 [Executor] No tasks to execute
2026/01/29 04:44:34 [DNS Service] GetDeletionRecords: found 0 records (limit=10, error=<nil>)
2026/01/29 04:44:34 [DNS Worker] Tick done: present_candidates=0, absent_candidates=0, claimed_running=0, claim_skipped=0, success=0, error=0, deleted=0
2026/01/29 04:44:39 [Executor] Running once...
2026/01/29 04:44:39 [Executor] No tasks to execute
2026/01/29 04:44:44 [Executor] Running once...
2026/01/29 04:44:44 [Executor] No tasks to execute
2026/01/29 04:44:49 [Executor] Running once...
2026/01/29 04:44:49 [Executor] No tasks to execute
2026/01/29 04:44:54 [Executor] Running once...
2026/01/29 04:44:54 [Executor] No tasks to execute
2026/01/29 04:44:59 [Executor] Running once...
2026/01/29 04:44:59 [Executor] No tasks to execute
2026/01/29 04:45:04 [Executor] Running once...
2026/01/29 04:45:04 [DNS Worker] Tick: processing DNS records...
2026/01/29 04:45:04 [Executor] No tasks to execute
2026/01/29 04:45:04 [DNS Service] GetDeletionRecords: found 0 records (limit=10, error=<nil>)
2026/01/29 04:45:04 [DNS Worker] Tick done: present_candidates=0, absent_candidates=0, claimed_running=0, claim_skipped=0, success=0, error=0, deleted=0
2026/01/29 04:45:09 [Executor] Running once...
2026/01/29 04:45:09 [Executor] No tasks to execute
2026/01/29 04:45:14 [Executor] Running once...
2026/01/29 04:45:14 [Executor] No tasks to execute
2026/01/29 04:45:19 [Executor] Running once...
2026/01/29 04:45:19 [Executor] No tasks to execute
2026/01/29 04:45:24 [Executor] Running once...
2026/01/29 04:45:24 [Executor] No tasks to execute
2026/01/29 04:45:29 [Executor] Running once...
2026/01/29 04:45:29 [Executor] No tasks to execute
2026/01/29 04:45:34 [Executor] Running once...
2026/01/29 04:45:34 [DNS Worker] Tick: processing DNS records...
2026/01/29 04:45:34 [Executor] No tasks to execute
2026/01/29 04:45:34 [DNS Service] GetDeletionRecords: found 0 records (limit=10, error=<nil>)
2026/01/29 04:45:34 [DNS Worker] Tick done: present_candidates=0, absent_candidates=0, claimed_running=0, claim_skipped=0, success=0, error=0, deleted=0
2026/01/29 04:45:39 [Executor] Running once...
2026/01/29 04:45:39 [Executor] No tasks to execute
2026/01/29 04:45:44 [Executor] Running once...
2026/01/29 04:45:44 [Executor] No tasks to execute
2026/01/29 04:45:49 [Executor] Running once...
2026/01/29 04:45:49 [Executor] No tasks to execute
2026/01/29 04:45:54 [Executor] Running once...
2026/01/29 04:45:54 [Executor] No tasks to execute
[GIN] 2026/01/29 - 04:45:58 | 404 |         611ns |   172.104.11.51 | GET      "/"
2026/01/29 04:45:59 [Executor] Running once...
2026/01/29 04:45:59 [Executor] No tasks to execute
2026/01/29 04:46:04 [DNS Worker] Tick: processing DNS records...
2026/01/29 04:46:04 [Executor] Running once...
2026/01/29 04:46:04 [Executor] No tasks to execute
2026/01/29 04:46:04 [DNS Service] GetDeletionRecords: found 0 records (limit=10, error=<nil>)
2026/01/29 04:46:04 [DNS Worker] Tick done: present_candidates=0, absent_candidates=0, claimed_running=0, claim_skipped=0, success=0, error=0, deleted=0
2026/01/29 04:46:09 [Executor] Running once...
2026/01/29 04:46:09 [Executor] No tasks to execute
2026/01/29 04:46:14 [Executor] Running once...
2026/01/29 04:46:14 [Executor] No tasks to execute
2026/01/29 04:46:19 [Executor] Running once...
2026/01/29 04:46:19 [Executor] No tasks to execute
2026/01/29 04:46:24 [Executor] Running once...
2026/01/29 04:46:24 [Executor] No tasks to execute
2026/01/29 04:46:29 [Executor] Running once...
2026/01/29 04:46:29 [Executor] No tasks to execute
2026/01/29 04:46:34 [Executor] Running once...
2026/01/29 04:46:34 [DNS Worker] Tick: processing DNS records...
2026/01/29 04:46:34 [Executor] No tasks to execute
2026/01/29 04:46:34 [DNS Service] GetDeletionRecords: found 0 records (limit=10, error=<nil>)
2026/01/29 04:46:34 [DNS Worker] Tick done: present_candidates=0, absent_candidates=0, claimed_running=0, claim_skipped=0, success=0, error=0, deleted=0
2026/01/29 04:46:39 [Executor] Running once...
2026/01/29 04:46:39 [Executor] No tasks to execute
2026/01/29 04:46:44 [Executor] Running once...
2026/01/29 04:46:44 [Executor] No tasks to execute
2026/01/29 04:46:49 [Executor] Running once...
2026/01/29 04:46:49 [Executor] No tasks to execute
2026/01/29 04:46:54 [Executor] Running once...
2026/01/29 04:46:54 [Executor] No tasks to execute
2026/01/29 04:46:59 [Executor] Running once...
2026/01/29 04:46:59 [Executor] No tasks to execute
2026/01/29 04:47:04 [Executor] Running once...
2026/01/29 04:47:04 [DNS Worker] Tick: processing DNS records...
2026/01/29 04:47:04 [Executor] No tasks to execute
2026/01/29 04:47:04 [DNS Service] GetDeletionRecords: found 0 records (limit=10, error=<nil>)
2026/01/29 04:47:04 [DNS Worker] Tick done: present_candidates=0, absent_candidates=0, claimed_running=0, claim_skipped=0, success=0, error=0, deleted=0
2026/01/29 04:47:09 [Executor] Running once...
2026/01/29 04:47:09 [Executor] No tasks to execute
2026/01/29 04:47:14 [Executor] Running once...
2026/01/29 04:47:14 [Executor] No tasks to execute
2026/01/29 04:47:19 [Executor] Running once...
2026/01/29 04:47:19 [Executor] No tasks to execute
2026/01/29 04:47:24 [Executor] Running once...
2026/01/29 04:47:24 [Executor] No tasks to execute
2026/01/29 04:47:29 [Executor] Running once...
2026/01/29 04:47:29 [Executor] No tasks to execute
2026/01/29 04:47:34 [DNS Worker] Tick: processing DNS records...
2026/01/29 04:47:34 [Executor] Running once...
2026/01/29 04:47:34 [Executor] No tasks to execute
2026/01/29 04:47:34 [DNS Service] GetDeletionRecords: found 0 records (limit=10, error=<nil>)
2026/01/29 04:47:34 [DNS Worker] Tick done: present_candidates=0, absent_candidates=0, claimed_running=0, claim_skipped=0, success=0, error=0, deleted=0
2026/01/29 04:47:39 [Executor] Running once...
2026/01/29 04:47:39 [Executor] No tasks to execute
2026/01/29 04:47:44 [Executor] Running once...
2026/01/29 04:47:44 [Executor] No tasks to execute
2026/01/29 04:47:49 [Executor] Running once...
2026/01/29 04:47:49 [Executor] No tasks to execute
2026/01/29 04:47:54 [Executor] Running once...
2026/01/29 04:47:54 [Executor] No tasks to execute
2026/01/29 04:47:59 [Executor] Running once...
2026/01/29 04:47:59 [Executor] No tasks to execute
2026/01/29 04:48:04 [Executor] Running once...
2026/01/29 04:48:04 [DNS Worker] Tick: processing DNS records...
2026/01/29 04:48:04 [Executor] No tasks to execute
2026/01/29 04:48:04 [DNS Service] GetDeletionRecords: found 0 records (limit=10, error=<nil>)
2026/01/29 04:48:04 [DNS Worker] Tick done: present_candidates=0, absent_candidates=0, claimed_running=0, claim_skipped=0, success=0, error=0, deleted=0
2026/01/29 04:48:09 [Executor] Running once...
2026/01/29 04:48:09 [Executor] No tasks to execute
2026/01/29 04:48:14 [Executor] Running once...
2026/01/29 04:48:14 [Executor] No tasks to execute
2026/01/29 04:48:19 [Executor] Running once...
2026/01/29 04:48:19 [Executor] No tasks to execute
2026/01/29 04:48:24 [Executor] Running once...
2026/01/29 04:48:24 [Executor] No tasks to execute
2026/01/29 04:48:29 [Executor] Running once...
2026/01/29 04:48:29 [Executor] No tasks to execute
2026/01/29 04:48:34 [Executor] Running once...
2026/01/29 04:48:34 [DNS Worker] Tick: processing DNS records...
2026/01/29 04:48:34 [RiskScanner] Running scheduled scan...
2026/01/29 04:48:34 [RiskScanner] Starting scan...
2026/01/29 04:48:34 [Executor] No tasks to execute
2026/01/29 04:48:34 [DNS Service] GetDeletionRecords: found 0 records (limit=10, error=<nil>)
2026/01/29 04:48:34 [DNS Worker] Tick done: present_candidates=0, absent_candidates=0, claimed_running=0, claim_skipped=0, success=0, error=0, deleted=0
2026/01/29 04:48:34 [RiskScanner] Scan completed: 0 risks detected, 0 new, 0 updated
2026/01/29 04:48:39 [Executor] Running once...
2026/01/29 04:48:39 [Executor] No tasks to execute
2026/01/29 04:48:44 [Executor] Running once...
2026/01/29 04:48:44 [Executor] No tasks to execute
2026/01/29 04:48:49 [Executor] Running once...
2026/01/29 04:48:49 [Executor] No tasks to execute
2026/01/29 04:48:54 [Executor] Running once...
2026/01/29 04:48:54 [Executor] No tasks to execute
2026/01/29 04:48:59 [Executor] Running once...
2026/01/29 04:48:59 [Executor] No tasks to execute
2026/01/29 04:49:04 [DNS Worker] Tick: processing DNS records...
2026/01/29 04:49:04 [Executor] Running once...
2026/01/29 04:49:04 [DNS Service] GetDeletionRecords: found 0 records (limit=10, error=<nil>)
2026/01/29 04:49:04 [DNS Worker] Tick done: present_candidates=0, absent_candidates=0, claimed_running=0, claim_skipped=0, success=0, error=0, deleted=0
2026/01/29 04:49:04 [Executor] No tasks to execute
2026/01/29 04:49:09 [Executor] Running once...
2026/01/29 04:49:09 [Executor] No tasks to execute
2026/01/29 04:49:14 [Executor] Running once...
2026/01/29 04:49:14 [Executor] No tasks to execute
2026/01/29 04:49:19 [Executor] Running once...
2026/01/29 04:49:19 [Executor] No tasks to execute
2026/01/29 04:49:24 [Executor] Running once...
2026/01/29 04:49:24 [Executor] No tasks to execute
2026/01/29 04:49:29 [Executor] Running once...
2026/01/29 04:49:29 [Executor] No tasks to execute
2026/01/29 04:49:34 [DNS Worker] Tick: processing DNS records...
2026/01/29 04:49:34 [Executor] Running once...
2026/01/29 04:49:34 [Executor] No tasks to execute
2026/01/29 04:49:34 [DNS Service] GetDeletionRecords: found 0 records (limit=10, error=<nil>)
2026/01/29 04:49:34 [DNS Worker] Tick done: present_candidates=0, absent_candidates=0, claimed_running=0, claim_skipped=0, success=0, error=0, deleted=0
2026/01/29 04:49:39 [Executor] Running once...
2026/01/29 04:49:39 [Executor] No tasks to execute
2026/01/29 04:49:44 [Executor] Running once...
2026/01/29 04:49:44 [Executor] No tasks to execute
2026/01/29 04:49:49 [Executor] Running once...
2026/01/29 04:49:49 [Executor] No tasks to execute
2026/01/29 04:49:54 [Executor] Running once...
2026/01/29 04:49:54 [Executor] No tasks to execute
2026/01/29 04:49:59 [Executor] Running once...
2026/01/29 04:49:59 [Executor] No tasks to execute
2026/01/29 04:50:04 [Executor] Running once...
2026/01/29 04:50:04 [DNS Worker] Tick: processing DNS records...
2026/01/29 04:50:04 [Executor] No tasks to execute
2026/01/29 04:50:04 [DNS Service] GetDeletionRecords: found 0 records (limit=10, error=<nil>)
2026/01/29 04:50:04 [DNS Worker] Tick done: present_candidates=0, absent_candidates=0, claimed_running=0, claim_skipped=0, success=0, error=0, deleted=0
2026/01/29 04:50:09 [Executor] Running once...
2026/01/29 04:50:09 [Executor] No tasks to execute
2026/01/29 04:50:14 [Executor] Running once...
2026/01/29 04:50:14 [Executor] No tasks to execute
2026/01/29 04:50:19 [Executor] Running once...
2026/01/29 04:50:19 [Executor] No tasks to execute
2026/01/29 04:50:24 [Executor] Running once...
2026/01/29 04:50:24 [Executor] No tasks to execute
2026/01/29 04:50:29 [Executor] Running once...
2026/01/29 04:50:29 [Executor] No tasks to execute
2026/01/29 04:50:34 [DNS Worker] Tick: processing DNS records...
2026/01/29 04:50:34 [Executor] Running once...
2026/01/29 04:50:34 [DNS Service] GetDeletionRecords: found 0 records (limit=10, error=<nil>)
2026/01/29 04:50:34 [DNS Worker] Tick done: present_candidates=0, absent_candidates=0, claimed_running=0, claim_skipped=0, success=0, error=0, deleted=0
2026/01/29 04:50:34 [Executor] No tasks to execute
2026/01/29 04:50:39 [Executor] Running once...
2026/01/29 04:50:39 [Executor] No tasks to execute
2026/01/29 04:50:44 [Executor] Running once...
2026/01/29 04:50:44 [Executor] No tasks to execute
2026/01/29 04:50:49 [Executor] Running once...
2026/01/29 04:50:49 [Executor] No tasks to execute
2026/01/29 04:50:54 [Executor] Running once...
2026/01/29 04:50:54 [Executor] No tasks to execute
2026/01/29 04:50:59 [Executor] Running once...
2026/01/29 04:50:59 [Executor] No tasks to execute
2026/01/29 04:51:04 [DNS Worker] Tick: processing DNS records...
2026/01/29 04:51:04 [Executor] Running once...
2026/01/29 04:51:04 [DNS Service] GetDeletionRecords: found 0 records (limit=10, error=<nil>)
2026/01/29 04:51:04 [DNS Worker] Tick done: present_candidates=0, absent_candidates=0, claimed_running=0, claim_skipped=0, success=0, error=0, deleted=0
2026/01/29 04:51:04 [Executor] No tasks to execute
2026/01/29 04:51:09 [Executor] Running once...
2026/01/29 04:51:09 [Executor] No tasks to execute
2026/01/29 04:51:14 [Executor] Running once...
2026/01/29 04:51:14 [Executor] No tasks to execute
2026/01/29 04:51:19 [Executor] Running once...
2026/01/29 04:51:19 [Executor] No tasks to execute
2026/01/29 04:51:24 [Executor] Running once...
2026/01/29 04:51:24 [Executor] No tasks to execute
2026/01/29 04:51:29 [Executor] Running once...
2026/01/29 04:51:29 [Executor] No tasks to execute
2026/01/29 04:51:34 [Executor] Running once...
2026/01/29 04:51:34 [DNS Worker] Tick: processing DNS records...
2026/01/29 04:51:34 [Executor] No tasks to execute
2026/01/29 04:51:34 [DNS Service] GetDeletionRecords: found 0 records (limit=10, error=<nil>)
2026/01/29 04:51:34 [DNS Worker] Tick done: present_candidates=0, absent_candidates=0, claimed_running=0, claim_skipped=0, success=0, error=0, deleted=0
2026/01/29 04:51:39 [Executor] Running once...
2026/01/29 04:51:39 [Executor] No tasks to execute
2026/01/29 04:51:44 [Executor] Running once...
2026/01/29 04:51:44 [Executor] No tasks to execute
2026/01/29 04:51:49 [Executor] Running once...
2026/01/29 04:51:49 [Executor] No tasks to execute
2026/01/29 04:51:54 [Executor] Running once...
2026/01/29 04:51:54 [Executor] No tasks to execute
2026/01/29 04:51:59 [Executor] Running once...
2026/01/29 04:51:59 [Executor] No tasks to execute
2026/01/29 04:52:04 [DNS Worker] Tick: processing DNS records...
2026/01/29 04:52:04 [Executor] Running once...
2026/01/29 04:52:04 [DNS Service] GetDeletionRecords: found 0 records (limit=10, error=<nil>)
2026/01/29 04:52:04 [DNS Worker] Tick done: present_candidates=0, absent_candidates=0, claimed_running=0, claim_skipped=0, success=0, error=0, deleted=0
2026/01/29 04:52:04 [Executor] No tasks to execute
2026/01/29 04:52:09 [Executor] Running once...
2026/01/29 04:52:09 [Executor] No tasks to execute
2026/01/29 04:52:14 [Executor] Running once...
2026/01/29 04:52:14 [Executor] No tasks to execute
2026/01/29 04:52:19 [Executor] Running once...
2026/01/29 04:52:19 [Executor] No tasks to execute
2026/01/29 04:52:24 [Executor] Running once...
2026/01/29 04:52:24 [Executor] No tasks to execute
2026/01/29 04:52:29 [Executor] Running once...
2026/01/29 04:52:29 [Executor] No tasks to execute
2026/01/29 04:52:34 [DNS Worker] Tick: processing DNS records...
2026/01/29 04:52:34 [Executor] Running once...
2026/01/29 04:52:34 [Executor] No tasks to execute
2026/01/29 04:52:34 [DNS Service] GetDeletionRecords: found 0 records (limit=10, error=<nil>)
2026/01/29 04:52:34 [DNS Worker] Tick done: present_candidates=0, absent_candidates=0, claimed_running=0, claim_skipped=0, success=0, error=0, deleted=0
[GIN] 2026/01/29 - 04:52:35 | 404 |         901ns |   64.89.160.230 | GET      "/"
2026/01/29 04:52:39 [Executor] Running once...
2026/01/29 04:52:39 [Executor] No tasks to execute
2026/01/29 04:52:44 [Executor] Running once...
2026/01/29 04:52:44 [Executor] No tasks to execute
2026/01/29 04:52:49 [Executor] Running once...
2026/01/29 04:52:49 [Executor] No tasks to execute
2026/01/29 04:52:54 [Executor] Running once...
2026/01/29 04:52:54 [Executor] No tasks to execute
2026/01/29 04:52:59 [Executor] Running once...
2026/01/29 04:52:59 [Executor] No tasks to execute
2026/01/29 04:53:04 [DNS Worker] Tick: processing DNS records...
2026/01/29 04:53:04 [Executor] Running once...
2026/01/29 04:53:04 [Executor] No tasks to execute
2026/01/29 04:53:04 [DNS Service] GetDeletionRecords: found 0 records (limit=10, error=<nil>)
2026/01/29 04:53:04 [DNS Worker] Tick done: present_candidates=0, absent_candidates=0, claimed_running=0, claim_skipped=0, success=0, error=0, deleted=0
2026/01/29 04:53:09 [Executor] Running once...
2026/01/29 04:53:09 [Executor] No tasks to execute
2026/01/29 04:53:14 [Executor] Running once...
2026/01/29 04:53:14 [Executor] No tasks to execute
2026/01/29 04:53:19 [Executor] Running once...
2026/01/29 04:53:19 [Executor] No tasks to execute
2026/01/29 04:53:24 [Executor] Running once...
2026/01/29 04:53:24 [Executor] No tasks to execute
2026/01/29 04:53:29 [Executor] Running once...
2026/01/29 04:53:29 [Executor] No tasks to execute
2026/01/29 04:53:34 [DNS Worker] Tick: processing DNS records...
2026/01/29 04:53:34 [RiskScanner] Running scheduled scan...
2026/01/29 04:53:34 [RiskScanner] Starting scan...
2026/01/29 04:53:34 [Executor] Running once...
2026/01/29 04:53:34 [Executor] No tasks to execute
2026/01/29 04:53:34 [DNS Service] GetDeletionRecords: found 0 records (limit=10, error=<nil>)
2026/01/29 04:53:34 [DNS Worker] Tick done: present_candidates=0, absent_candidates=0, claimed_running=0, claim_skipped=0, success=0, error=0, deleted=0
2026/01/29 04:53:34 [RiskScanner] Scan completed: 0 risks detected, 0 new, 0 updated
2026/01/29 04:53:39 [Executor] Running once...
2026/01/29 04:53:39 [Executor] No tasks to execute
