2026/01/28 07:58:05 Loading configuration from INI file: /opt/go_cmdb/config.ini
2026/01/28 07:58:05 ✓ Configuration loaded from INI file
2026/01/28 07:58:05 ✓ MySQL connected successfully
2026/01/28 07:58:05 ✓ MySQL connected successfully
2026/01/28 07:58:05 MIGRATE=0 or not set, migration disabled
2026/01/28 07:58:05 ✓ JWT initialized
2026/01/28 07:58:05 ✓ Redis connected successfully
2026/01/28 07:58:05 ✓ Redis connected successfully
2026/01/28 07:58:05 ✓ Bootstrap Token Store initialized
2026/01/28 07:58:05 ✓ CA Manager initialized
2026/01/28 07:58:05 [RiskScanner] Starting with interval 300 seconds
2026/01/28 07:58:05 ✓ Risk Scanner initialized
2026/01/28 07:58:05 [RiskScanner] Running initial scan...
2026/01/28 07:58:05 [RiskScanner] Starting scan...
2026/01/28 07:58:05 ✓ Release Executor initialized
2026/01/28 07:58:05 [DNS Worker] Starting with interval=30s, batch_size=10
2026/01/28 07:58:05 ✓ DNS Worker initialized
2026/01/28 07:58:05 [ACME Worker] Starting with interval=40s, batch=50
2026/01/28 07:58:05 [Executor] Starting executor loop (interval=5s)
2026/01/28 07:58:05 ✓ ACME Worker initialized
2026/01/28 07:58:05 ✓ Certificate Cleaner disabled (CERT_FAILED_CLEANER_ENABLED=0)
2026/01/28 07:58:05 [Executor] Running once...
2026/01/28 07:58:05 [WebSocket] Event handlers registered
2026/01/28 07:58:05 [WebSocket] Socket.IO server initialized
2026/01/28 07:58:05 ✓ Socket.IO server initialized
2026/01/28 07:58:05 [DNS Worker] Tick: processing DNS records...
time="2026-01-28T07:58:05+08:00" level=info msg="Starting node health worker..." component=node-health-worker
2026/01/28 07:58:05 ✓ Node Health Worker initialized
2026/01/28 07:58:05 ✓ Server starting on :8080

2026/01/28 07:58:05 [31;1m/opt/go_cmdb/internal/release/executor.go:38 [35;1mError 1146 (42S02): Table 'cdn_control.release_tasks' doesn't exist
[0m[33m[2.271ms] [34;1m[rows:0][0m SELECT * FROM `release_tasks` WHERE status IN ('pending','running') ORDER BY id ASC
2026/01/28 07:58:05 [Executor] Failed to query tasks: Error 1146 (42S02): Table 'cdn_control.release_tasks' doesn't exist
2026/01/28 07:58:05 [Executor] Initial run failed: Error 1146 (42S02): Table 'cdn_control.release_tasks' doesn't exist
2026/01/28 07:58:05 [RiskScanner] Scan completed: 0 risks detected, 0 new, 0 updated
2026/01/28 07:58:05 [DNS Service] GetDeletionRecords: found 0 records (limit=10, error=<nil>)
2026/01/28 07:58:05 [DNS Worker] Tick done: present_candidates=0, absent_candidates=0, claimed_running=0, claim_skipped=0, success=0, error=0, deleted=0
2026/01/28 07:58:10 [Executor] Running once...

2026/01/28 07:58:10 [31;1m/opt/go_cmdb/internal/release/executor.go:38 [35;1mError 1146 (42S02): Table 'cdn_control.release_tasks' doesn't exist
[0m[33m[0.687ms] [34;1m[rows:0][0m SELECT * FROM `release_tasks` WHERE status IN ('pending','running') ORDER BY id ASC
2026/01/28 07:58:10 [Executor] Failed to query tasks: Error 1146 (42S02): Table 'cdn_control.release_tasks' doesn't exist
2026/01/28 07:58:10 [Executor] Run failed: Error 1146 (42S02): Table 'cdn_control.release_tasks' doesn't exist
2026/01/28 07:58:15 [Executor] Running once...

2026/01/28 07:58:15 [31;1m/opt/go_cmdb/internal/release/executor.go:38 [35;1mError 1146 (42S02): Table 'cdn_control.release_tasks' doesn't exist
[0m[33m[0.670ms] [34;1m[rows:0][0m SELECT * FROM `release_tasks` WHERE status IN ('pending','running') ORDER BY id ASC
2026/01/28 07:58:15 [Executor] Failed to query tasks: Error 1146 (42S02): Table 'cdn_control.release_tasks' doesn't exist
2026/01/28 07:58:15 [Executor] Run failed: Error 1146 (42S02): Table 'cdn_control.release_tasks' doesn't exist
2026/01/28 07:58:20 [Executor] Running once...

2026/01/28 07:58:20 [31;1m/opt/go_cmdb/internal/release/executor.go:38 [35;1mError 1146 (42S02): Table 'cdn_control.release_tasks' doesn't exist
[0m[33m[0.692ms] [34;1m[rows:0][0m SELECT * FROM `release_tasks` WHERE status IN ('pending','running') ORDER BY id ASC
2026/01/28 07:58:20 [Executor] Failed to query tasks: Error 1146 (42S02): Table 'cdn_control.release_tasks' doesn't exist
2026/01/28 07:58:20 [Executor] Run failed: Error 1146 (42S02): Table 'cdn_control.release_tasks' doesn't exist
2026/01/28 07:58:25 [Executor] Running once...

2026/01/28 07:58:25 [31;1m/opt/go_cmdb/internal/release/executor.go:38 [35;1mError 1146 (42S02): Table 'cdn_control.release_tasks' doesn't exist
[0m[33m[0.610ms] [34;1m[rows:0][0m SELECT * FROM `release_tasks` WHERE status IN ('pending','running') ORDER BY id ASC
2026/01/28 07:58:25 [Executor] Failed to query tasks: Error 1146 (42S02): Table 'cdn_control.release_tasks' doesn't exist
2026/01/28 07:58:25 [Executor] Run failed: Error 1146 (42S02): Table 'cdn_control.release_tasks' doesn't exist
2026/01/28 07:58:30 [Executor] Running once...

2026/01/28 07:58:30 [31;1m/opt/go_cmdb/internal/release/executor.go:38 [35;1mError 1146 (42S02): Table 'cdn_control.release_tasks' doesn't exist
[0m[33m[0.890ms] [34;1m[rows:0][0m SELECT * FROM `release_tasks` WHERE status IN ('pending','running') ORDER BY id ASC
2026/01/28 07:58:30 [Executor] Failed to query tasks: Error 1146 (42S02): Table 'cdn_control.release_tasks' doesn't exist
2026/01/28 07:58:30 [Executor] Run failed: Error 1146 (42S02): Table 'cdn_control.release_tasks' doesn't exist
2026/01/28 07:58:35 [Executor] Running once...
2026/01/28 07:58:35 [DNS Worker] Tick: processing DNS records...

2026/01/28 07:58:35 [31;1m/opt/go_cmdb/internal/release/executor.go:38 [35;1mError 1146 (42S02): Table 'cdn_control.release_tasks' doesn't exist
[0m[33m[0.652ms] [34;1m[rows:0][0m SELECT * FROM `release_tasks` WHERE status IN ('pending','running') ORDER BY id ASC
2026/01/28 07:58:35 [Executor] Failed to query tasks: Error 1146 (42S02): Table 'cdn_control.release_tasks' doesn't exist
2026/01/28 07:58:35 [Executor] Run failed: Error 1146 (42S02): Table 'cdn_control.release_tasks' doesn't exist
2026/01/28 07:58:35 [DNS Service] GetDeletionRecords: found 0 records (limit=10, error=<nil>)
2026/01/28 07:58:35 [DNS Worker] Tick done: present_candidates=0, absent_candidates=0, claimed_running=0, claim_skipped=0, success=0, error=0, deleted=0
[GIN] 2026/01/28 - 07:58:36 | 200 |  267.851883ms | 129.222.126.210 | POST     "/api/v1/auth/login"

2026/01/28 07:58:38 [31;1m/opt/go_cmdb/internal/nodes/identity_service.go:107 [35;1mrecord not found
[0m[33m[1.322ms] [34;1m[rows:0][0m SELECT * FROM `agent_identities` WHERE node_id = 13 ORDER BY `agent_identities`.`id` LIMIT 1
[GIN] 2026/01/28 - 07:58:38 | 200 |    48.37026ms | 129.222.126.210 | POST     "/api/v1/nodes/create"
2026/01/28 07:58:40 [Executor] Running once...

2026/01/28 07:58:40 [31;1m/opt/go_cmdb/internal/release/executor.go:38 [35;1mError 1146 (42S02): Table 'cdn_control.release_tasks' doesn't exist
[0m[33m[0.697ms] [34;1m[rows:0][0m SELECT * FROM `release_tasks` WHERE status IN ('pending','running') ORDER BY id ASC
2026/01/28 07:58:40 [Executor] Failed to query tasks: Error 1146 (42S02): Table 'cdn_control.release_tasks' doesn't exist
2026/01/28 07:58:40 [Executor] Run failed: Error 1146 (42S02): Table 'cdn_control.release_tasks' doesn't exist
2026/01/28 07:58:42 [WebSocket] Handshake rejected: No token from 13.228.178.233:49874
[GIN] 2026/01/28 - 07:58:42 | 401 |      71.695µs |  13.228.178.233 | GET      "/socket.io/?EIO=4&transport=websocket"
[GIN] 2026/01/28 - 07:58:42 | 200 |    2.041088ms |  13.228.178.233 | GET      "/api/v1/node-groups?page=1&pageSize=15"
2026/01/28 07:58:45 [Executor] Running once...

2026/01/28 07:58:45 [31;1m/opt/go_cmdb/internal/release/executor.go:38 [35;1mError 1146 (42S02): Table 'cdn_control.release_tasks' doesn't exist
[0m[33m[0.759ms] [34;1m[rows:0][0m SELECT * FROM `release_tasks` WHERE status IN ('pending','running') ORDER BY id ASC
2026/01/28 07:58:45 [Executor] Failed to query tasks: Error 1146 (42S02): Table 'cdn_control.release_tasks' doesn't exist
2026/01/28 07:58:45 [Executor] Run failed: Error 1146 (42S02): Table 'cdn_control.release_tasks' doesn't exist
2026/01/28 07:58:47 [WebSocket] Handshake rejected: No token from 13.228.178.233:49897
[GIN] 2026/01/28 - 07:58:47 | 401 |      67.157µs |  13.228.178.233 | GET      "/socket.io/?EIO=4&transport=websocket"
[GIN] 2026/01/28 - 07:58:48 | 200 |  267.433287ms | 129.222.126.210 | POST     "/api/v1/auth/login"
2026/01/28 07:58:50 [Executor] Running once...

2026/01/28 07:58:50 [31;1m/opt/go_cmdb/internal/release/executor.go:38 [35;1mError 1146 (42S02): Table 'cdn_control.release_tasks' doesn't exist
[0m[33m[0.673ms] [34;1m[rows:0][0m SELECT * FROM `release_tasks` WHERE status IN ('pending','running') ORDER BY id ASC
2026/01/28 07:58:50 [Executor] Failed to query tasks: Error 1146 (42S02): Table 'cdn_control.release_tasks' doesn't exist
2026/01/28 07:58:50 [Executor] Run failed: Error 1146 (42S02): Table 'cdn_control.release_tasks' doesn't exist
2026/01/28 07:58:51 [WebSocket] Handshake rejected: No token from 13.228.178.233:49929
[GIN] 2026/01/28 - 07:58:51 | 401 |      54.293µs |  13.228.178.233 | GET      "/socket.io/?EIO=4&transport=websocket"
[GIN] 2026/01/28 - 07:58:51 | 200 |    2.074753ms |  13.228.178.233 | GET      "/api/v1/websites?page=1&pageSize=15"
2026/01/28 07:58:52 [WebSocket] Handshake rejected: No token from 13.228.178.233:49939
[GIN] 2026/01/28 - 07:58:52 | 401 |      78.959µs |  13.228.178.233 | GET      "/socket.io/?EIO=4&transport=websocket"
[GIN] 2026/01/28 - 07:58:53 | 409 |    1.656916ms | 129.222.126.210 | POST     "/api/v1/nodes/create"
2026/01/28 07:58:55 [Executor] Running once...

2026/01/28 07:58:55 [31;1m/opt/go_cmdb/internal/release/executor.go:38 [35;1mError 1146 (42S02): Table 'cdn_control.release_tasks' doesn't exist
[0m[33m[0.689ms] [34;1m[rows:0][0m SELECT * FROM `release_tasks` WHERE status IN ('pending','running') ORDER BY id ASC
2026/01/28 07:58:55 [Executor] Failed to query tasks: Error 1146 (42S02): Table 'cdn_control.release_tasks' doesn't exist
2026/01/28 07:58:55 [Executor] Run failed: Error 1146 (42S02): Table 'cdn_control.release_tasks' doesn't exist
2026/01/28 07:58:56 [WebSocket] Handshake rejected: No token from 13.228.178.233:49960
[GIN] 2026/01/28 - 07:58:56 | 401 |      41.238µs |  13.228.178.233 | GET      "/socket.io/?EIO=4&transport=websocket"
2026/01/28 07:58:57 [WebSocket] Handshake rejected: No token from 13.228.178.233:49970
[GIN] 2026/01/28 - 07:58:57 | 401 |      53.281µs |  13.228.178.233 | GET      "/socket.io/?EIO=4&transport=websocket"
[GIN] 2026/01/28 - 07:58:58 | 200 |     2.25573ms |  13.228.178.233 | GET      "/api/v1/nodes?page=1&pageSize=15"
2026/01/28 07:59:00 [Executor] Running once...

2026/01/28 07:59:00 [31;1m/opt/go_cmdb/internal/release/executor.go:38 [35;1mError 1146 (42S02): Table 'cdn_control.release_tasks' doesn't exist
[0m[33m[0.619ms] [34;1m[rows:0][0m SELECT * FROM `release_tasks` WHERE status IN ('pending','running') ORDER BY id ASC
2026/01/28 07:59:00 [Executor] Failed to query tasks: Error 1146 (42S02): Table 'cdn_control.release_tasks' doesn't exist
2026/01/28 07:59:00 [Executor] Run failed: Error 1146 (42S02): Table 'cdn_control.release_tasks' doesn't exist
2026/01/28 07:59:02 [WebSocket] Handshake rejected: No token from 13.228.178.233:50003
[GIN] 2026/01/28 - 07:59:02 | 401 |       68.87µs |  13.228.178.233 | GET      "/socket.io/?EIO=4&transport=websocket"
2026/01/28 07:59:05 [DNS Worker] Tick: processing DNS records...
2026/01/28 07:59:05 [Executor] Running once...
2026/01/28 07:59:05 [DNS Service] GetDeletionRecords: found 0 records (limit=10, error=<nil>)
2026/01/28 07:59:05 [DNS Worker] Tick done: present_candidates=0, absent_candidates=0, claimed_running=0, claim_skipped=0, success=0, error=0, deleted=0

2026/01/28 07:59:05 [31;1m/opt/go_cmdb/internal/release/executor.go:38 [35;1mError 1146 (42S02): Table 'cdn_control.release_tasks' doesn't exist
[0m[33m[2.158ms] [34;1m[rows:0][0m SELECT * FROM `release_tasks` WHERE status IN ('pending','running') ORDER BY id ASC
2026/01/28 07:59:05 [Executor] Failed to query tasks: Error 1146 (42S02): Table 'cdn_control.release_tasks' doesn't exist
2026/01/28 07:59:05 [Executor] Run failed: Error 1146 (42S02): Table 'cdn_control.release_tasks' doesn't exist
2026/01/28 07:59:08 [WebSocket] Handshake rejected: No token from 13.228.178.233:50034
[GIN] 2026/01/28 - 07:59:08 | 401 |      66.045µs |  13.228.178.233 | GET      "/socket.io/?EIO=4&transport=websocket"
[GIN] 2026/01/28 - 07:59:08 | 200 |  266.858143ms | 129.222.126.210 | POST     "/api/v1/auth/login"
2026/01/28 07:59:10 [Executor] Running once...

2026/01/28 07:59:10 [31;1m/opt/go_cmdb/internal/release/executor.go:38 [35;1mError 1146 (42S02): Table 'cdn_control.release_tasks' doesn't exist
[0m[33m[0.624ms] [34;1m[rows:0][0m SELECT * FROM `release_tasks` WHERE status IN ('pending','running') ORDER BY id ASC
2026/01/28 07:59:10 [Executor] Failed to query tasks: Error 1146 (42S02): Table 'cdn_control.release_tasks' doesn't exist
2026/01/28 07:59:10 [Executor] Run failed: Error 1146 (42S02): Table 'cdn_control.release_tasks' doesn't exist
[GIN] 2026/01/28 - 07:59:13 | 200 |    8.537408ms | 129.222.126.210 | POST     "/api/v1/nodes/sub-ips/add"
2026/01/28 07:59:15 [Executor] Running once...

2026/01/28 07:59:15 [31;1m/opt/go_cmdb/internal/release/executor.go:38 [35;1mError 1146 (42S02): Table 'cdn_control.release_tasks' doesn't exist
[0m[33m[0.729ms] [34;1m[rows:0][0m SELECT * FROM `release_tasks` WHERE status IN ('pending','running') ORDER BY id ASC
2026/01/28 07:59:15 [Executor] Failed to query tasks: Error 1146 (42S02): Table 'cdn_control.release_tasks' doesn't exist
2026/01/28 07:59:15 [Executor] Run failed: Error 1146 (42S02): Table 'cdn_control.release_tasks' doesn't exist
2026/01/28 07:59:20 [Executor] Running once...

2026/01/28 07:59:20 [31;1m/opt/go_cmdb/internal/release/executor.go:38 [35;1mError 1146 (42S02): Table 'cdn_control.release_tasks' doesn't exist
[0m[33m[0.679ms] [34;1m[rows:0][0m SELECT * FROM `release_tasks` WHERE status IN ('pending','running') ORDER BY id ASC
2026/01/28 07:59:20 [Executor] Failed to query tasks: Error 1146 (42S02): Table 'cdn_control.release_tasks' doesn't exist
2026/01/28 07:59:20 [Executor] Run failed: Error 1146 (42S02): Table 'cdn_control.release_tasks' doesn't exist
[GIN] 2026/01/28 - 07:59:23 | 200 |  266.953624ms | 129.222.126.210 | POST     "/api/v1/auth/login"

2026/01/28 07:59:24 [31;1m/opt/go_cmdb/internal/nodes/identity_service.go:107 [35;1mrecord not found
[0m[33m[0.575ms] [34;1m[rows:0][0m SELECT * FROM `agent_identities` WHERE node_id = 14 ORDER BY `agent_identities`.`id` LIMIT 1
[GIN] 2026/01/28 - 07:59:24 | 200 |   97.921105ms | 129.222.126.210 | POST     "/api/v1/nodes/create"
2026/01/28 07:59:25 [Executor] Running once...

2026/01/28 07:59:25 [31;1m/opt/go_cmdb/internal/release/executor.go:38 [35;1mError 1146 (42S02): Table 'cdn_control.release_tasks' doesn't exist
[0m[33m[2.271ms] [34;1m[rows:0][0m SELECT * FROM `release_tasks` WHERE status IN ('pending','running') ORDER BY id ASC
2026/01/28 07:59:25 [Executor] Failed to query tasks: Error 1146 (42S02): Table 'cdn_control.release_tasks' doesn't exist
2026/01/28 07:59:25 [Executor] Run failed: Error 1146 (42S02): Table 'cdn_control.release_tasks' doesn't exist
2026/01/28 07:59:30 [Executor] Running once...

2026/01/28 07:59:30 [31;1m/opt/go_cmdb/internal/release/executor.go:38 [35;1mError 1146 (42S02): Table 'cdn_control.release_tasks' doesn't exist
[0m[33m[0.655ms] [34;1m[rows:0][0m SELECT * FROM `release_tasks` WHERE status IN ('pending','running') ORDER BY id ASC
2026/01/28 07:59:30 [Executor] Failed to query tasks: Error 1146 (42S02): Table 'cdn_control.release_tasks' doesn't exist
2026/01/28 07:59:30 [Executor] Run failed: Error 1146 (42S02): Table 'cdn_control.release_tasks' doesn't exist
[GIN] 2026/01/28 - 07:59:34 | 200 |  266.742212ms | 129.222.126.210 | POST     "/api/v1/auth/login"
2026/01/28 07:59:35 [DNS Worker] Tick: processing DNS records...
2026/01/28 07:59:35 [Executor] Running once...

2026/01/28 07:59:35 [31;1m/opt/go_cmdb/internal/release/executor.go:38 [35;1mError 1146 (42S02): Table 'cdn_control.release_tasks' doesn't exist
[0m[33m[0.666ms] [34;1m[rows:0][0m SELECT * FROM `release_tasks` WHERE status IN ('pending','running') ORDER BY id ASC
2026/01/28 07:59:35 [Executor] Failed to query tasks: Error 1146 (42S02): Table 'cdn_control.release_tasks' doesn't exist
2026/01/28 07:59:35 [Executor] Run failed: Error 1146 (42S02): Table 'cdn_control.release_tasks' doesn't exist
2026/01/28 07:59:35 [DNS Service] GetDeletionRecords: found 0 records (limit=10, error=<nil>)
2026/01/28 07:59:35 [DNS Worker] Tick done: present_candidates=0, absent_candidates=0, claimed_running=0, claim_skipped=0, success=0, error=0, deleted=0
[GIN] 2026/01/28 - 07:59:36 | 409 |    1.692594ms | 129.222.126.210 | POST     "/api/v1/nodes/sub-ips/add"
2026/01/28 07:59:40 [Executor] Running once...

2026/01/28 07:59:40 [31;1m/opt/go_cmdb/internal/release/executor.go:38 [35;1mError 1146 (42S02): Table 'cdn_control.release_tasks' doesn't exist
[0m[33m[0.687ms] [34;1m[rows:0][0m SELECT * FROM `release_tasks` WHERE status IN ('pending','running') ORDER BY id ASC
2026/01/28 07:59:40 [Executor] Failed to query tasks: Error 1146 (42S02): Table 'cdn_control.release_tasks' doesn't exist
2026/01/28 07:59:40 [Executor] Run failed: Error 1146 (42S02): Table 'cdn_control.release_tasks' doesn't exist
2026/01/28 07:59:45 [Executor] Running once...

2026/01/28 07:59:45 [31;1m/opt/go_cmdb/internal/release/executor.go:38 [35;1mError 1146 (42S02): Table 'cdn_control.release_tasks' doesn't exist
[0m[33m[0.571ms] [34;1m[rows:0][0m SELECT * FROM `release_tasks` WHERE status IN ('pending','running') ORDER BY id ASC
2026/01/28 07:59:45 [Executor] Failed to query tasks: Error 1146 (42S02): Table 'cdn_control.release_tasks' doesn't exist
2026/01/28 07:59:45 [Executor] Run failed: Error 1146 (42S02): Table 'cdn_control.release_tasks' doesn't exist
2026/01/28 07:59:50 [Executor] Running once...

2026/01/28 07:59:50 [31;1m/opt/go_cmdb/internal/release/executor.go:38 [35;1mError 1146 (42S02): Table 'cdn_control.release_tasks' doesn't exist
[0m[33m[0.696ms] [34;1m[rows:0][0m SELECT * FROM `release_tasks` WHERE status IN ('pending','running') ORDER BY id ASC
2026/01/28 07:59:50 [Executor] Failed to query tasks: Error 1146 (42S02): Table 'cdn_control.release_tasks' doesn't exist
2026/01/28 07:59:50 [Executor] Run failed: Error 1146 (42S02): Table 'cdn_control.release_tasks' doesn't exist
2026/01/28 07:59:55 [Executor] Running once...

2026/01/28 07:59:55 [31;1m/opt/go_cmdb/internal/release/executor.go:38 [35;1mError 1146 (42S02): Table 'cdn_control.release_tasks' doesn't exist
[0m[33m[0.636ms] [34;1m[rows:0][0m SELECT * FROM `release_tasks` WHERE status IN ('pending','running') ORDER BY id ASC
2026/01/28 07:59:55 [Executor] Failed to query tasks: Error 1146 (42S02): Table 'cdn_control.release_tasks' doesn't exist
2026/01/28 07:59:55 [Executor] Run failed: Error 1146 (42S02): Table 'cdn_control.release_tasks' doesn't exist
2026/01/28 08:00:00 [Executor] Running once...

2026/01/28 08:00:00 [31;1m/opt/go_cmdb/internal/release/executor.go:38 [35;1mError 1146 (42S02): Table 'cdn_control.release_tasks' doesn't exist
[0m[33m[0.624ms] [34;1m[rows:0][0m SELECT * FROM `release_tasks` WHERE status IN ('pending','running') ORDER BY id ASC
2026/01/28 08:00:00 [Executor] Failed to query tasks: Error 1146 (42S02): Table 'cdn_control.release_tasks' doesn't exist
2026/01/28 08:00:00 [Executor] Run failed: Error 1146 (42S02): Table 'cdn_control.release_tasks' doesn't exist
2026/01/28 08:00:05 [WebSocket] Handshake rejected: No token from 13.228.178.233:50356
[GIN] 2026/01/28 - 08:00:05 | 401 |      61.456µs |  13.228.178.233 | GET      "/socket.io/?EIO=4&transport=websocket"
[GIN] 2026/01/28 - 08:00:05 | 200 |    1.260963ms |  13.228.178.233 | GET      "/api/v1/node-groups?page=1&pageSize=15"
2026/01/28 08:00:05 [Executor] Running once...
2026/01/28 08:00:05 [DNS Worker] Tick: processing DNS records...

2026/01/28 08:00:05 [31;1m/opt/go_cmdb/internal/release/executor.go:38 [35;1mError 1146 (42S02): Table 'cdn_control.release_tasks' doesn't exist
[0m[33m[0.700ms] [34;1m[rows:0][0m SELECT * FROM `release_tasks` WHERE status IN ('pending','running') ORDER BY id ASC
2026/01/28 08:00:05 [Executor] Failed to query tasks: Error 1146 (42S02): Table 'cdn_control.release_tasks' doesn't exist
2026/01/28 08:00:05 [Executor] Run failed: Error 1146 (42S02): Table 'cdn_control.release_tasks' doesn't exist
2026/01/28 08:00:05 [DNS Service] GetDeletionRecords: found 0 records (limit=10, error=<nil>)
2026/01/28 08:00:05 [DNS Worker] Tick done: present_candidates=0, absent_candidates=0, claimed_running=0, claim_skipped=0, success=0, error=0, deleted=0
[GIN] 2026/01/28 - 08:00:07 | 200 |     2.35392ms |  13.228.178.233 | GET      "/api/v1/nodes?page=1&pageSize=15"
2026/01/28 08:00:10 [Executor] Running once...

2026/01/28 08:00:10 [31;1m/opt/go_cmdb/internal/release/executor.go:38 [35;1mError 1146 (42S02): Table 'cdn_control.release_tasks' doesn't exist
[0m[33m[0.715ms] [34;1m[rows:0][0m SELECT * FROM `release_tasks` WHERE status IN ('pending','running') ORDER BY id ASC
2026/01/28 08:00:10 [Executor] Failed to query tasks: Error 1146 (42S02): Table 'cdn_control.release_tasks' doesn't exist
2026/01/28 08:00:10 [Executor] Run failed: Error 1146 (42S02): Table 'cdn_control.release_tasks' doesn't exist
2026/01/28 08:00:15 [Executor] Running once...

2026/01/28 08:00:15 [31;1m/opt/go_cmdb/internal/release/executor.go:38 [35;1mError 1146 (42S02): Table 'cdn_control.release_tasks' doesn't exist
[0m[33m[0.723ms] [34;1m[rows:0][0m SELECT * FROM `release_tasks` WHERE status IN ('pending','running') ORDER BY id ASC
2026/01/28 08:00:15 [Executor] Failed to query tasks: Error 1146 (42S02): Table 'cdn_control.release_tasks' doesn't exist
2026/01/28 08:00:15 [Executor] Run failed: Error 1146 (42S02): Table 'cdn_control.release_tasks' doesn't exist
2026/01/28 08:00:20 [Executor] Running once...

2026/01/28 08:00:20 [31;1m/opt/go_cmdb/internal/release/executor.go:38 [35;1mError 1146 (42S02): Table 'cdn_control.release_tasks' doesn't exist
[0m[33m[0.671ms] [34;1m[rows:0][0m SELECT * FROM `release_tasks` WHERE status IN ('pending','running') ORDER BY id ASC
2026/01/28 08:00:20 [Executor] Failed to query tasks: Error 1146 (42S02): Table 'cdn_control.release_tasks' doesn't exist
2026/01/28 08:00:20 [Executor] Run failed: Error 1146 (42S02): Table 'cdn_control.release_tasks' doesn't exist
2026/01/28 08:00:25 [Executor] Running once...

2026/01/28 08:00:25 [31;1m/opt/go_cmdb/internal/release/executor.go:38 [35;1mError 1146 (42S02): Table 'cdn_control.release_tasks' doesn't exist
[0m[33m[0.728ms] [34;1m[rows:0][0m SELECT * FROM `release_tasks` WHERE status IN ('pending','running') ORDER BY id ASC
2026/01/28 08:00:25 [Executor] Failed to query tasks: Error 1146 (42S02): Table 'cdn_control.release_tasks' doesn't exist
2026/01/28 08:00:25 [Executor] Run failed: Error 1146 (42S02): Table 'cdn_control.release_tasks' doesn't exist
2026/01/28 08:00:30 [Executor] Running once...

2026/01/28 08:00:30 [31;1m/opt/go_cmdb/internal/release/executor.go:38 [35;1mError 1146 (42S02): Table 'cdn_control.release_tasks' doesn't exist
[0m[33m[0.835ms] [34;1m[rows:0][0m SELECT * FROM `release_tasks` WHERE status IN ('pending','running') ORDER BY id ASC
2026/01/28 08:00:30 [Executor] Failed to query tasks: Error 1146 (42S02): Table 'cdn_control.release_tasks' doesn't exist
2026/01/28 08:00:30 [Executor] Run failed: Error 1146 (42S02): Table 'cdn_control.release_tasks' doesn't exist
2026/01/28 08:00:35 [DNS Worker] Tick: processing DNS records...
2026/01/28 08:00:35 [Executor] Running once...
2026/01/28 08:00:35 [DNS Service] GetDeletionRecords: found 0 records (limit=10, error=<nil>)
2026/01/28 08:00:35 [DNS Worker] Tick done: present_candidates=0, absent_candidates=0, claimed_running=0, claim_skipped=0, success=0, error=0, deleted=0

2026/01/28 08:00:35 [31;1m/opt/go_cmdb/internal/release/executor.go:38 [35;1mError 1146 (42S02): Table 'cdn_control.release_tasks' doesn't exist
[0m[33m[2.229ms] [34;1m[rows:0][0m SELECT * FROM `release_tasks` WHERE status IN ('pending','running') ORDER BY id ASC
2026/01/28 08:00:35 [Executor] Failed to query tasks: Error 1146 (42S02): Table 'cdn_control.release_tasks' doesn't exist
2026/01/28 08:00:35 [Executor] Run failed: Error 1146 (42S02): Table 'cdn_control.release_tasks' doesn't exist
2026/01/28 08:00:40 [Executor] Running once...

2026/01/28 08:00:40 [31;1m/opt/go_cmdb/internal/release/executor.go:38 [35;1mError 1146 (42S02): Table 'cdn_control.release_tasks' doesn't exist
[0m[33m[0.666ms] [34;1m[rows:0][0m SELECT * FROM `release_tasks` WHERE status IN ('pending','running') ORDER BY id ASC
2026/01/28 08:00:40 [Executor] Failed to query tasks: Error 1146 (42S02): Table 'cdn_control.release_tasks' doesn't exist
2026/01/28 08:00:40 [Executor] Run failed: Error 1146 (42S02): Table 'cdn_control.release_tasks' doesn't exist
2026/01/28 08:00:45 [Executor] Running once...

2026/01/28 08:00:45 [31;1m/opt/go_cmdb/internal/release/executor.go:38 [35;1mError 1146 (42S02): Table 'cdn_control.release_tasks' doesn't exist
[0m[33m[2.624ms] [34;1m[rows:0][0m SELECT * FROM `release_tasks` WHERE status IN ('pending','running') ORDER BY id ASC
2026/01/28 08:00:45 [Executor] Failed to query tasks: Error 1146 (42S02): Table 'cdn_control.release_tasks' doesn't exist
2026/01/28 08:00:45 [Executor] Run failed: Error 1146 (42S02): Table 'cdn_control.release_tasks' doesn't exist
2026/01/28 08:00:50 [Executor] Running once...

2026/01/28 08:00:50 [31;1m/opt/go_cmdb/internal/release/executor.go:38 [35;1mError 1146 (42S02): Table 'cdn_control.release_tasks' doesn't exist
[0m[33m[0.640ms] [34;1m[rows:0][0m SELECT * FROM `release_tasks` WHERE status IN ('pending','running') ORDER BY id ASC
2026/01/28 08:00:50 [Executor] Failed to query tasks: Error 1146 (42S02): Table 'cdn_control.release_tasks' doesn't exist
2026/01/28 08:00:50 [Executor] Run failed: Error 1146 (42S02): Table 'cdn_control.release_tasks' doesn't exist
2026/01/28 08:00:55 [Executor] Running once...

2026/01/28 08:00:55 [31;1m/opt/go_cmdb/internal/release/executor.go:38 [35;1mError 1146 (42S02): Table 'cdn_control.release_tasks' doesn't exist
[0m[33m[0.605ms] [34;1m[rows:0][0m SELECT * FROM `release_tasks` WHERE status IN ('pending','running') ORDER BY id ASC
2026/01/28 08:00:55 [Executor] Failed to query tasks: Error 1146 (42S02): Table 'cdn_control.release_tasks' doesn't exist
2026/01/28 08:00:55 [Executor] Run failed: Error 1146 (42S02): Table 'cdn_control.release_tasks' doesn't exist
2026/01/28 08:01:00 [Executor] Running once...

2026/01/28 08:01:00 [31;1m/opt/go_cmdb/internal/release/executor.go:38 [35;1mError 1146 (42S02): Table 'cdn_control.release_tasks' doesn't exist
[0m[33m[0.763ms] [34;1m[rows:0][0m SELECT * FROM `release_tasks` WHERE status IN ('pending','running') ORDER BY id ASC
2026/01/28 08:01:00 [Executor] Failed to query tasks: Error 1146 (42S02): Table 'cdn_control.release_tasks' doesn't exist
2026/01/28 08:01:00 [Executor] Run failed: Error 1146 (42S02): Table 'cdn_control.release_tasks' doesn't exist
2026/01/28 08:01:05 [Executor] Running once...
2026/01/28 08:01:05 [DNS Worker] Tick: processing DNS records...

2026/01/28 08:01:05 [31;1m/opt/go_cmdb/internal/release/executor.go:38 [35;1mError 1146 (42S02): Table 'cdn_control.release_tasks' doesn't exist
[0m[33m[0.788ms] [34;1m[rows:0][0m SELECT * FROM `release_tasks` WHERE status IN ('pending','running') ORDER BY id ASC
2026/01/28 08:01:05 [Executor] Failed to query tasks: Error 1146 (42S02): Table 'cdn_control.release_tasks' doesn't exist
2026/01/28 08:01:05 [Executor] Run failed: Error 1146 (42S02): Table 'cdn_control.release_tasks' doesn't exist
2026/01/28 08:01:05 [DNS Service] GetDeletionRecords: found 0 records (limit=10, error=<nil>)
2026/01/28 08:01:05 [DNS Worker] Tick done: present_candidates=0, absent_candidates=0, claimed_running=0, claim_skipped=0, success=0, error=0, deleted=0
2026/01/28 08:01:10 [Executor] Running once...

2026/01/28 08:01:10 [31;1m/opt/go_cmdb/internal/release/executor.go:38 [35;1mError 1146 (42S02): Table 'cdn_control.release_tasks' doesn't exist
[0m[33m[0.767ms] [34;1m[rows:0][0m SELECT * FROM `release_tasks` WHERE status IN ('pending','running') ORDER BY id ASC
2026/01/28 08:01:10 [Executor] Failed to query tasks: Error 1146 (42S02): Table 'cdn_control.release_tasks' doesn't exist
2026/01/28 08:01:10 [Executor] Run failed: Error 1146 (42S02): Table 'cdn_control.release_tasks' doesn't exist
2026/01/28 08:01:15 [Executor] Running once...

2026/01/28 08:01:15 [31;1m/opt/go_cmdb/internal/release/executor.go:38 [35;1mError 1146 (42S02): Table 'cdn_control.release_tasks' doesn't exist
[0m[33m[0.674ms] [34;1m[rows:0][0m SELECT * FROM `release_tasks` WHERE status IN ('pending','running') ORDER BY id ASC
2026/01/28 08:01:15 [Executor] Failed to query tasks: Error 1146 (42S02): Table 'cdn_control.release_tasks' doesn't exist
2026/01/28 08:01:15 [Executor] Run failed: Error 1146 (42S02): Table 'cdn_control.release_tasks' doesn't exist
2026/01/28 08:01:20 [Executor] Running once...

2026/01/28 08:01:20 [31;1m/opt/go_cmdb/internal/release/executor.go:38 [35;1mError 1146 (42S02): Table 'cdn_control.release_tasks' doesn't exist
[0m[33m[0.690ms] [34;1m[rows:0][0m SELECT * FROM `release_tasks` WHERE status IN ('pending','running') ORDER BY id ASC
2026/01/28 08:01:20 [Executor] Failed to query tasks: Error 1146 (42S02): Table 'cdn_control.release_tasks' doesn't exist
2026/01/28 08:01:20 [Executor] Run failed: Error 1146 (42S02): Table 'cdn_control.release_tasks' doesn't exist
2026/01/28 08:01:25 [Executor] Running once...

2026/01/28 08:01:25 [31;1m/opt/go_cmdb/internal/release/executor.go:38 [35;1mError 1146 (42S02): Table 'cdn_control.release_tasks' doesn't exist
[0m[33m[2.102ms] [34;1m[rows:0][0m SELECT * FROM `release_tasks` WHERE status IN ('pending','running') ORDER BY id ASC
2026/01/28 08:01:25 [Executor] Failed to query tasks: Error 1146 (42S02): Table 'cdn_control.release_tasks' doesn't exist
2026/01/28 08:01:25 [Executor] Run failed: Error 1146 (42S02): Table 'cdn_control.release_tasks' doesn't exist
2026/01/28 08:01:30 [Executor] Running once...

2026/01/28 08:01:30 [31;1m/opt/go_cmdb/internal/release/executor.go:38 [35;1mError 1146 (42S02): Table 'cdn_control.release_tasks' doesn't exist
[0m[33m[0.730ms] [34;1m[rows:0][0m SELECT * FROM `release_tasks` WHERE status IN ('pending','running') ORDER BY id ASC
2026/01/28 08:01:30 [Executor] Failed to query tasks: Error 1146 (42S02): Table 'cdn_control.release_tasks' doesn't exist
2026/01/28 08:01:30 [Executor] Run failed: Error 1146 (42S02): Table 'cdn_control.release_tasks' doesn't exist
2026/01/28 08:01:35 [DNS Worker] Tick: processing DNS records...
2026/01/28 08:01:35 [Executor] Running once...
2026/01/28 08:01:35 [DNS Service] GetDeletionRecords: found 0 records (limit=10, error=<nil>)
2026/01/28 08:01:35 [DNS Worker] Tick done: present_candidates=0, absent_candidates=0, claimed_running=0, claim_skipped=0, success=0, error=0, deleted=0

2026/01/28 08:01:35 [31;1m/opt/go_cmdb/internal/release/executor.go:38 [35;1mError 1146 (42S02): Table 'cdn_control.release_tasks' doesn't exist
[0m[33m[2.162ms] [34;1m[rows:0][0m SELECT * FROM `release_tasks` WHERE status IN ('pending','running') ORDER BY id ASC
2026/01/28 08:01:35 [Executor] Failed to query tasks: Error 1146 (42S02): Table 'cdn_control.release_tasks' doesn't exist
2026/01/28 08:01:35 [Executor] Run failed: Error 1146 (42S02): Table 'cdn_control.release_tasks' doesn't exist
2026/01/28 08:01:40 [Executor] Running once...

2026/01/28 08:01:40 [31;1m/opt/go_cmdb/internal/release/executor.go:38 [35;1mError 1146 (42S02): Table 'cdn_control.release_tasks' doesn't exist
[0m[33m[0.702ms] [34;1m[rows:0][0m SELECT * FROM `release_tasks` WHERE status IN ('pending','running') ORDER BY id ASC
2026/01/28 08:01:40 [Executor] Failed to query tasks: Error 1146 (42S02): Table 'cdn_control.release_tasks' doesn't exist
2026/01/28 08:01:40 [Executor] Run failed: Error 1146 (42S02): Table 'cdn_control.release_tasks' doesn't exist
2026/01/28 08:01:45 [Executor] Running once...

2026/01/28 08:01:45 [31;1m/opt/go_cmdb/internal/release/executor.go:38 [35;1mError 1146 (42S02): Table 'cdn_control.release_tasks' doesn't exist
[0m[33m[0.639ms] [34;1m[rows:0][0m SELECT * FROM `release_tasks` WHERE status IN ('pending','running') ORDER BY id ASC
2026/01/28 08:01:45 [Executor] Failed to query tasks: Error 1146 (42S02): Table 'cdn_control.release_tasks' doesn't exist
2026/01/28 08:01:45 [Executor] Run failed: Error 1146 (42S02): Table 'cdn_control.release_tasks' doesn't exist
2026/01/28 08:01:50 [Executor] Running once...

2026/01/28 08:01:50 [31;1m/opt/go_cmdb/internal/release/executor.go:38 [35;1mError 1146 (42S02): Table 'cdn_control.release_tasks' doesn't exist
[0m[33m[0.685ms] [34;1m[rows:0][0m SELECT * FROM `release_tasks` WHERE status IN ('pending','running') ORDER BY id ASC
2026/01/28 08:01:50 [Executor] Failed to query tasks: Error 1146 (42S02): Table 'cdn_control.release_tasks' doesn't exist
2026/01/28 08:01:50 [Executor] Run failed: Error 1146 (42S02): Table 'cdn_control.release_tasks' doesn't exist
2026/01/28 08:01:55 [Executor] Running once...

2026/01/28 08:01:55 [31;1m/opt/go_cmdb/internal/release/executor.go:38 [35;1mError 1146 (42S02): Table 'cdn_control.release_tasks' doesn't exist
[0m[33m[0.686ms] [34;1m[rows:0][0m SELECT * FROM `release_tasks` WHERE status IN ('pending','running') ORDER BY id ASC
2026/01/28 08:01:55 [Executor] Failed to query tasks: Error 1146 (42S02): Table 'cdn_control.release_tasks' doesn't exist
2026/01/28 08:01:55 [Executor] Run failed: Error 1146 (42S02): Table 'cdn_control.release_tasks' doesn't exist
2026/01/28 08:02:00 [Executor] Running once...

2026/01/28 08:02:00 [31;1m/opt/go_cmdb/internal/release/executor.go:38 [35;1mError 1146 (42S02): Table 'cdn_control.release_tasks' doesn't exist
[0m[33m[4.163ms] [34;1m[rows:0][0m SELECT * FROM `release_tasks` WHERE status IN ('pending','running') ORDER BY id ASC
2026/01/28 08:02:00 [Executor] Failed to query tasks: Error 1146 (42S02): Table 'cdn_control.release_tasks' doesn't exist
2026/01/28 08:02:00 [Executor] Run failed: Error 1146 (42S02): Table 'cdn_control.release_tasks' doesn't exist
2026/01/28 08:02:05 [Executor] Running once...
2026/01/28 08:02:05 [DNS Worker] Tick: processing DNS records...

2026/01/28 08:02:05 [31;1m/opt/go_cmdb/internal/release/executor.go:38 [35;1mError 1146 (42S02): Table 'cdn_control.release_tasks' doesn't exist
[0m[33m[4.599ms] [34;1m[rows:0][0m SELECT * FROM `release_tasks` WHERE status IN ('pending','running') ORDER BY id ASC
2026/01/28 08:02:05 [Executor] Failed to query tasks: Error 1146 (42S02): Table 'cdn_control.release_tasks' doesn't exist
2026/01/28 08:02:05 [Executor] Run failed: Error 1146 (42S02): Table 'cdn_control.release_tasks' doesn't exist
2026/01/28 08:02:05 [DNS Service] GetDeletionRecords: found 0 records (limit=10, error=<nil>)
2026/01/28 08:02:05 [DNS Worker] Tick done: present_candidates=0, absent_candidates=0, claimed_running=0, claim_skipped=0, success=0, error=0, deleted=0
2026/01/28 08:02:10 [Executor] Running once...

2026/01/28 08:02:10 [31;1m/opt/go_cmdb/internal/release/executor.go:38 [35;1mError 1146 (42S02): Table 'cdn_control.release_tasks' doesn't exist
[0m[33m[0.701ms] [34;1m[rows:0][0m SELECT * FROM `release_tasks` WHERE status IN ('pending','running') ORDER BY id ASC
2026/01/28 08:02:10 [Executor] Failed to query tasks: Error 1146 (42S02): Table 'cdn_control.release_tasks' doesn't exist
2026/01/28 08:02:10 [Executor] Run failed: Error 1146 (42S02): Table 'cdn_control.release_tasks' doesn't exist
[GIN] 2026/01/28 - 08:02:15 | 200 |    2.171465ms |  13.228.178.233 | GET      "/api/v1/nodes?page=1&pageSize=15"
2026/01/28 08:02:15 [Executor] Running once...

2026/01/28 08:02:15 [31;1m/opt/go_cmdb/internal/release/executor.go:38 [35;1mError 1146 (42S02): Table 'cdn_control.release_tasks' doesn't exist
[0m[33m[0.754ms] [34;1m[rows:0][0m SELECT * FROM `release_tasks` WHERE status IN ('pending','running') ORDER BY id ASC
2026/01/28 08:02:15 [Executor] Failed to query tasks: Error 1146 (42S02): Table 'cdn_control.release_tasks' doesn't exist
2026/01/28 08:02:15 [Executor] Run failed: Error 1146 (42S02): Table 'cdn_control.release_tasks' doesn't exist
[GIN] 2026/01/28 - 08:02:18 | 200 |    7.499703ms |  13.228.178.233 | POST     "/api/v1/nodes/delete"
[GIN] 2026/01/28 - 08:02:18 | 200 |    1.970216ms |  13.228.178.233 | GET      "/api/v1/nodes?page=1&pageSize=15"
2026/01/28 08:02:20 [Executor] Running once...

2026/01/28 08:02:20 [31;1m/opt/go_cmdb/internal/release/executor.go:38 [35;1mError 1146 (42S02): Table 'cdn_control.release_tasks' doesn't exist
[0m[33m[0.744ms] [34;1m[rows:0][0m SELECT * FROM `release_tasks` WHERE status IN ('pending','running') ORDER BY id ASC
2026/01/28 08:02:20 [Executor] Failed to query tasks: Error 1146 (42S02): Table 'cdn_control.release_tasks' doesn't exist
2026/01/28 08:02:20 [Executor] Run failed: Error 1146 (42S02): Table 'cdn_control.release_tasks' doesn't exist

2026/01/28 08:02:21 [31;1m/opt/go_cmdb/api/v1/nodes/handler.go:560 [35;1mError 1451 (23000): Cannot delete or update a parent row: a foreign key constraint fails (`cdn_control`.`node_sub_ips`, CONSTRAINT `fk_node_sub_ips_node` FOREIGN KEY (`node_id`) REFERENCES `nodes` (`id`))
[0m[33m[6.633ms] [34;1m[rows:0][0m DELETE FROM `nodes` WHERE `nodes`.`id` = 13
2026/01/28 08:02:21 [ERROR] failed to delete nodes (code=5002, internal_err=Error 1451 (23000): Cannot delete or update a parent row: a foreign key constraint fails (`cdn_control`.`node_sub_ips`, CONSTRAINT `fk_node_sub_ips_node` FOREIGN KEY (`node_id`) REFERENCES `nodes` (`id`)))
[GIN] 2026/01/28 - 08:02:21 | 500 |     6.82468ms |  13.228.178.233 | POST     "/api/v1/nodes/delete"
2026/01/28 08:02:25 [Executor] Running once...

2026/01/28 08:02:25 [31;1m/opt/go_cmdb/internal/release/executor.go:38 [35;1mError 1146 (42S02): Table 'cdn_control.release_tasks' doesn't exist
[0m[33m[0.708ms] [34;1m[rows:0][0m SELECT * FROM `release_tasks` WHERE status IN ('pending','running') ORDER BY id ASC
2026/01/28 08:02:25 [Executor] Failed to query tasks: Error 1146 (42S02): Table 'cdn_control.release_tasks' doesn't exist
2026/01/28 08:02:25 [Executor] Run failed: Error 1146 (42S02): Table 'cdn_control.release_tasks' doesn't exist
2026/01/28 08:02:30 [Executor] Running once...

2026/01/28 08:02:30 [31;1m/opt/go_cmdb/internal/release/executor.go:38 [35;1mError 1146 (42S02): Table 'cdn_control.release_tasks' doesn't exist
[0m[33m[0.795ms] [34;1m[rows:0][0m SELECT * FROM `release_tasks` WHERE status IN ('pending','running') ORDER BY id ASC
2026/01/28 08:02:30 [Executor] Failed to query tasks: Error 1146 (42S02): Table 'cdn_control.release_tasks' doesn't exist
2026/01/28 08:02:30 [Executor] Run failed: Error 1146 (42S02): Table 'cdn_control.release_tasks' doesn't exist
2026/01/28 08:02:35 [Executor] Running once...
2026/01/28 08:02:35 [DNS Worker] Tick: processing DNS records...

2026/01/28 08:02:35 [31;1m/opt/go_cmdb/internal/release/executor.go:38 [35;1mError 1146 (42S02): Table 'cdn_control.release_tasks' doesn't exist
[0m[33m[0.671ms] [34;1m[rows:0][0m SELECT * FROM `release_tasks` WHERE status IN ('pending','running') ORDER BY id ASC
2026/01/28 08:02:35 [Executor] Failed to query tasks: Error 1146 (42S02): Table 'cdn_control.release_tasks' doesn't exist
2026/01/28 08:02:35 [Executor] Run failed: Error 1146 (42S02): Table 'cdn_control.release_tasks' doesn't exist
2026/01/28 08:02:35 [DNS Service] GetDeletionRecords: found 0 records (limit=10, error=<nil>)
2026/01/28 08:02:35 [DNS Worker] Tick done: present_candidates=0, absent_candidates=0, claimed_running=0, claim_skipped=0, success=0, error=0, deleted=0
2026/01/28 08:02:40 [Executor] Running once...

2026/01/28 08:02:40 [31;1m/opt/go_cmdb/internal/release/executor.go:38 [35;1mError 1146 (42S02): Table 'cdn_control.release_tasks' doesn't exist
[0m[33m[0.661ms] [34;1m[rows:0][0m SELECT * FROM `release_tasks` WHERE status IN ('pending','running') ORDER BY id ASC
2026/01/28 08:02:40 [Executor] Failed to query tasks: Error 1146 (42S02): Table 'cdn_control.release_tasks' doesn't exist
2026/01/28 08:02:40 [Executor] Run failed: Error 1146 (42S02): Table 'cdn_control.release_tasks' doesn't exist
[GIN] 2026/01/28 - 08:02:42 | 200 |   22.560823ms |  13.228.178.233 | POST     "/api/v1/nodes/update"
[GIN] 2026/01/28 - 08:02:42 | 200 |    2.077875ms |  13.228.178.233 | GET      "/api/v1/nodes?page=1&pageSize=15"
[GIN] 2026/01/28 - 08:02:44 | 200 |    6.635769ms |  13.228.178.233 | POST     "/api/v1/nodes/delete"
[GIN] 2026/01/28 - 08:02:44 | 200 |    2.314945ms |  13.228.178.233 | GET      "/api/v1/nodes?page=1&pageSize=15"
2026/01/28 08:02:45 [Executor] Running once...

2026/01/28 08:02:45 [31;1m/opt/go_cmdb/internal/release/executor.go:38 [35;1mError 1146 (42S02): Table 'cdn_control.release_tasks' doesn't exist
[0m[33m[1.979ms] [34;1m[rows:0][0m SELECT * FROM `release_tasks` WHERE status IN ('pending','running') ORDER BY id ASC
2026/01/28 08:02:45 [Executor] Failed to query tasks: Error 1146 (42S02): Table 'cdn_control.release_tasks' doesn't exist
2026/01/28 08:02:45 [Executor] Run failed: Error 1146 (42S02): Table 'cdn_control.release_tasks' doesn't exist
2026/01/28 08:02:50 [Executor] Running once...

2026/01/28 08:02:50 [31;1m/opt/go_cmdb/internal/release/executor.go:38 [35;1mError 1146 (42S02): Table 'cdn_control.release_tasks' doesn't exist
[0m[33m[0.678ms] [34;1m[rows:0][0m SELECT * FROM `release_tasks` WHERE status IN ('pending','running') ORDER BY id ASC
2026/01/28 08:02:50 [Executor] Failed to query tasks: Error 1146 (42S02): Table 'cdn_control.release_tasks' doesn't exist
2026/01/28 08:02:50 [Executor] Run failed: Error 1146 (42S02): Table 'cdn_control.release_tasks' doesn't exist
2026/01/28 08:02:55 [Executor] Running once...

2026/01/28 08:02:55 [31;1m/opt/go_cmdb/internal/release/executor.go:38 [35;1mError 1146 (42S02): Table 'cdn_control.release_tasks' doesn't exist
[0m[33m[0.579ms] [34;1m[rows:0][0m SELECT * FROM `release_tasks` WHERE status IN ('pending','running') ORDER BY id ASC
2026/01/28 08:02:55 [Executor] Failed to query tasks: Error 1146 (42S02): Table 'cdn_control.release_tasks' doesn't exist
2026/01/28 08:02:55 [Executor] Run failed: Error 1146 (42S02): Table 'cdn_control.release_tasks' doesn't exist
2026/01/28 08:03:00 [Executor] Running once...

2026/01/28 08:03:00 [31;1m/opt/go_cmdb/internal/release/executor.go:38 [35;1mError 1146 (42S02): Table 'cdn_control.release_tasks' doesn't exist
[0m[33m[0.718ms] [34;1m[rows:0][0m SELECT * FROM `release_tasks` WHERE status IN ('pending','running') ORDER BY id ASC
2026/01/28 08:03:00 [Executor] Failed to query tasks: Error 1146 (42S02): Table 'cdn_control.release_tasks' doesn't exist
2026/01/28 08:03:00 [Executor] Run failed: Error 1146 (42S02): Table 'cdn_control.release_tasks' doesn't exist
2026/01/28 08:03:05 [Executor] Running once...
2026/01/28 08:03:05 [DNS Worker] Tick: processing DNS records...
2026/01/28 08:03:05 [RiskScanner] Running scheduled scan...
2026/01/28 08:03:05 [RiskScanner] Starting scan...

2026/01/28 08:03:05 [31;1m/opt/go_cmdb/internal/release/executor.go:38 [35;1mError 1146 (42S02): Table 'cdn_control.release_tasks' doesn't exist
[0m[33m[0.694ms] [34;1m[rows:0][0m SELECT * FROM `release_tasks` WHERE status IN ('pending','running') ORDER BY id ASC
2026/01/28 08:03:05 [Executor] Failed to query tasks: Error 1146 (42S02): Table 'cdn_control.release_tasks' doesn't exist
2026/01/28 08:03:05 [Executor] Run failed: Error 1146 (42S02): Table 'cdn_control.release_tasks' doesn't exist
2026/01/28 08:03:05 [DNS Service] GetDeletionRecords: found 0 records (limit=10, error=<nil>)
2026/01/28 08:03:05 [DNS Worker] Tick done: present_candidates=0, absent_candidates=0, claimed_running=0, claim_skipped=0, success=0, error=0, deleted=0
2026/01/28 08:03:05 [RiskScanner] Scan completed: 0 risks detected, 0 new, 0 updated
2026/01/28 08:03:10 [Executor] Running once...

2026/01/28 08:03:10 [31;1m/opt/go_cmdb/internal/release/executor.go:38 [35;1mError 1146 (42S02): Table 'cdn_control.release_tasks' doesn't exist
[0m[33m[0.674ms] [34;1m[rows:0][0m SELECT * FROM `release_tasks` WHERE status IN ('pending','running') ORDER BY id ASC
2026/01/28 08:03:10 [Executor] Failed to query tasks: Error 1146 (42S02): Table 'cdn_control.release_tasks' doesn't exist
2026/01/28 08:03:10 [Executor] Run failed: Error 1146 (42S02): Table 'cdn_control.release_tasks' doesn't exist
2026/01/28 08:03:15 [Executor] Running once...

2026/01/28 08:03:15 [31;1m/opt/go_cmdb/internal/release/executor.go:38 [35;1mError 1146 (42S02): Table 'cdn_control.release_tasks' doesn't exist
[0m[33m[0.699ms] [34;1m[rows:0][0m SELECT * FROM `release_tasks` WHERE status IN ('pending','running') ORDER BY id ASC
2026/01/28 08:03:15 [Executor] Failed to query tasks: Error 1146 (42S02): Table 'cdn_control.release_tasks' doesn't exist
2026/01/28 08:03:15 [Executor] Run failed: Error 1146 (42S02): Table 'cdn_control.release_tasks' doesn't exist
2026/01/28 08:03:20 [Executor] Running once...

2026/01/28 08:03:20 [31;1m/opt/go_cmdb/internal/release/executor.go:38 [35;1mError 1146 (42S02): Table 'cdn_control.release_tasks' doesn't exist
[0m[33m[0.635ms] [34;1m[rows:0][0m SELECT * FROM `release_tasks` WHERE status IN ('pending','running') ORDER BY id ASC
2026/01/28 08:03:20 [Executor] Failed to query tasks: Error 1146 (42S02): Table 'cdn_control.release_tasks' doesn't exist
2026/01/28 08:03:20 [Executor] Run failed: Error 1146 (42S02): Table 'cdn_control.release_tasks' doesn't exist
2026/01/28 08:03:25 [Executor] Running once...

2026/01/28 08:03:25 [31;1m/opt/go_cmdb/internal/release/executor.go:38 [35;1mError 1146 (42S02): Table 'cdn_control.release_tasks' doesn't exist
[0m[33m[2.650ms] [34;1m[rows:0][0m SELECT * FROM `release_tasks` WHERE status IN ('pending','running') ORDER BY id ASC
2026/01/28 08:03:25 [Executor] Failed to query tasks: Error 1146 (42S02): Table 'cdn_control.release_tasks' doesn't exist
2026/01/28 08:03:25 [Executor] Run failed: Error 1146 (42S02): Table 'cdn_control.release_tasks' doesn't exist
2026/01/28 08:03:30 [Executor] Running once...

2026/01/28 08:03:30 [31;1m/opt/go_cmdb/internal/release/executor.go:38 [35;1mError 1146 (42S02): Table 'cdn_control.release_tasks' doesn't exist
[0m[33m[0.853ms] [34;1m[rows:0][0m SELECT * FROM `release_tasks` WHERE status IN ('pending','running') ORDER BY id ASC
2026/01/28 08:03:30 [Executor] Failed to query tasks: Error 1146 (42S02): Table 'cdn_control.release_tasks' doesn't exist
2026/01/28 08:03:30 [Executor] Run failed: Error 1146 (42S02): Table 'cdn_control.release_tasks' doesn't exist
2026/01/28 08:03:35 [DNS Worker] Tick: processing DNS records...
2026/01/28 08:03:35 [Executor] Running once...
2026/01/28 08:03:35 [DNS Service] GetDeletionRecords: found 0 records (limit=10, error=<nil>)
2026/01/28 08:03:35 [DNS Worker] Tick done: present_candidates=0, absent_candidates=0, claimed_running=0, claim_skipped=0, success=0, error=0, deleted=0

2026/01/28 08:03:35 [31;1m/opt/go_cmdb/internal/release/executor.go:38 [35;1mError 1146 (42S02): Table 'cdn_control.release_tasks' doesn't exist
[0m[33m[2.199ms] [34;1m[rows:0][0m SELECT * FROM `release_tasks` WHERE status IN ('pending','running') ORDER BY id ASC
2026/01/28 08:03:35 [Executor] Failed to query tasks: Error 1146 (42S02): Table 'cdn_control.release_tasks' doesn't exist
2026/01/28 08:03:35 [Executor] Run failed: Error 1146 (42S02): Table 'cdn_control.release_tasks' doesn't exist
2026/01/28 08:03:40 [Executor] Running once...

2026/01/28 08:03:40 [31;1m/opt/go_cmdb/internal/release/executor.go:38 [35;1mError 1146 (42S02): Table 'cdn_control.release_tasks' doesn't exist
[0m[33m[0.736ms] [34;1m[rows:0][0m SELECT * FROM `release_tasks` WHERE status IN ('pending','running') ORDER BY id ASC
2026/01/28 08:03:40 [Executor] Failed to query tasks: Error 1146 (42S02): Table 'cdn_control.release_tasks' doesn't exist
2026/01/28 08:03:40 [Executor] Run failed: Error 1146 (42S02): Table 'cdn_control.release_tasks' doesn't exist
2026/01/28 08:03:42 [WebSocket] Handshake rejected: No token from 13.228.178.233:51849
[GIN] 2026/01/28 - 08:03:42 | 401 |      69.882µs |  13.228.178.233 | GET      "/socket.io/?EIO=4&transport=websocket"
[GIN] 2026/01/28 - 08:03:42 | 200 |    1.354533ms |  13.228.178.233 | GET      "/api/v1/node-groups?page=1&pageSize=15"
[GIN] 2026/01/28 - 08:03:43 | 200 |    2.123084ms |  13.228.178.233 | GET      "/api/v1/nodes?page=1&pageSize=1000"
2026/01/28 08:03:44 [WebSocket] Handshake rejected: No token from 13.228.178.233:51874
[GIN] 2026/01/28 - 08:03:44 | 401 |       69.11µs |  13.228.178.233 | GET      "/socket.io/?EIO=4&transport=websocket"
2026/01/28 08:03:45 [Executor] Running once...

2026/01/28 08:03:45 [31;1m/opt/go_cmdb/internal/release/executor.go:38 [35;1mError 1146 (42S02): Table 'cdn_control.release_tasks' doesn't exist
[0m[33m[0.785ms] [34;1m[rows:0][0m SELECT * FROM `release_tasks` WHERE status IN ('pending','running') ORDER BY id ASC
2026/01/28 08:03:45 [Executor] Failed to query tasks: Error 1146 (42S02): Table 'cdn_control.release_tasks' doesn't exist
2026/01/28 08:03:45 [Executor] Run failed: Error 1146 (42S02): Table 'cdn_control.release_tasks' doesn't exist
2026/01/28 08:03:50 [WebSocket] Handshake rejected: No token from 13.228.178.233:51902
[GIN] 2026/01/28 - 08:03:50 | 401 |      54.142µs |  13.228.178.233 | GET      "/socket.io/?EIO=4&transport=websocket"
2026/01/28 08:03:50 [Executor] Running once...

2026/01/28 08:03:50 [31;1m/opt/go_cmdb/internal/release/executor.go:38 [35;1mError 1146 (42S02): Table 'cdn_control.release_tasks' doesn't exist
[0m[33m[0.657ms] [34;1m[rows:0][0m SELECT * FROM `release_tasks` WHERE status IN ('pending','running') ORDER BY id ASC
2026/01/28 08:03:50 [Executor] Failed to query tasks: Error 1146 (42S02): Table 'cdn_control.release_tasks' doesn't exist
2026/01/28 08:03:50 [Executor] Run failed: Error 1146 (42S02): Table 'cdn_control.release_tasks' doesn't exist
2026/01/28 08:03:55 [WebSocket] Handshake rejected: No token from 13.228.178.233:51933
[GIN] 2026/01/28 - 08:03:55 | 401 |      67.267µs |  13.228.178.233 | GET      "/socket.io/?EIO=4&transport=websocket"
2026/01/28 08:03:55 [Executor] Running once...

2026/01/28 08:03:55 [31;1m/opt/go_cmdb/internal/release/executor.go:38 [35;1mError 1146 (42S02): Table 'cdn_control.release_tasks' doesn't exist
[0m[33m[0.712ms] [34;1m[rows:0][0m SELECT * FROM `release_tasks` WHERE status IN ('pending','running') ORDER BY id ASC
2026/01/28 08:03:55 [Executor] Failed to query tasks: Error 1146 (42S02): Table 'cdn_control.release_tasks' doesn't exist
2026/01/28 08:03:55 [Executor] Run failed: Error 1146 (42S02): Table 'cdn_control.release_tasks' doesn't exist
2026/01/28 08:04:00 [WebSocket] Handshake rejected: No token from 13.228.178.233:51966
[GIN] 2026/01/28 - 08:04:00 | 401 |       68.89µs |  13.228.178.233 | GET      "/socket.io/?EIO=4&transport=websocket"
2026/01/28 08:04:00 [Executor] Running once...

2026/01/28 08:04:00 [31;1m/opt/go_cmdb/internal/release/executor.go:38 [35;1mError 1146 (42S02): Table 'cdn_control.release_tasks' doesn't exist
[0m[33m[0.708ms] [34;1m[rows:0][0m SELECT * FROM `release_tasks` WHERE status IN ('pending','running') ORDER BY id ASC
2026/01/28 08:04:00 [Executor] Failed to query tasks: Error 1146 (42S02): Table 'cdn_control.release_tasks' doesn't exist
2026/01/28 08:04:00 [Executor] Run failed: Error 1146 (42S02): Table 'cdn_control.release_tasks' doesn't exist
2026/01/28 08:04:05 [DNS Worker] Tick: processing DNS records...
2026/01/28 08:04:05 [Executor] Running once...

2026/01/28 08:04:05 [31;1m/opt/go_cmdb/internal/release/executor.go:38 [35;1mError 1146 (42S02): Table 'cdn_control.release_tasks' doesn't exist
[0m[33m[2.125ms] [34;1m[rows:0][0m SELECT * FROM `release_tasks` WHERE status IN ('pending','running') ORDER BY id ASC
2026/01/28 08:04:05 [Executor] Failed to query tasks: Error 1146 (42S02): Table 'cdn_control.release_tasks' doesn't exist
2026/01/28 08:04:05 [Executor] Run failed: Error 1146 (42S02): Table 'cdn_control.release_tasks' doesn't exist
2026/01/28 08:04:05 [DNS Service] GetDeletionRecords: found 0 records (limit=10, error=<nil>)
2026/01/28 08:04:05 [DNS Worker] Tick done: present_candidates=0, absent_candidates=0, claimed_running=0, claim_skipped=0, success=0, error=0, deleted=0
2026/01/28 08:04:10 [Executor] Running once...

2026/01/28 08:04:10 [31;1m/opt/go_cmdb/internal/release/executor.go:38 [35;1mError 1146 (42S02): Table 'cdn_control.release_tasks' doesn't exist
[0m[33m[0.695ms] [34;1m[rows:0][0m SELECT * FROM `release_tasks` WHERE status IN ('pending','running') ORDER BY id ASC
2026/01/28 08:04:10 [Executor] Failed to query tasks: Error 1146 (42S02): Table 'cdn_control.release_tasks' doesn't exist
2026/01/28 08:04:10 [Executor] Run failed: Error 1146 (42S02): Table 'cdn_control.release_tasks' doesn't exist
2026/01/28 08:04:15 [Executor] Running once...

2026/01/28 08:04:15 [31;1m/opt/go_cmdb/internal/release/executor.go:38 [35;1mError 1146 (42S02): Table 'cdn_control.release_tasks' doesn't exist
[0m[33m[0.755ms] [34;1m[rows:0][0m SELECT * FROM `release_tasks` WHERE status IN ('pending','running') ORDER BY id ASC
2026/01/28 08:04:15 [Executor] Failed to query tasks: Error 1146 (42S02): Table 'cdn_control.release_tasks' doesn't exist
2026/01/28 08:04:15 [Executor] Run failed: Error 1146 (42S02): Table 'cdn_control.release_tasks' doesn't exist
2026/01/28 08:04:20 [Executor] Running once...

2026/01/28 08:04:20 [31;1m/opt/go_cmdb/internal/release/executor.go:38 [35;1mError 1146 (42S02): Table 'cdn_control.release_tasks' doesn't exist
[0m[33m[0.657ms] [34;1m[rows:0][0m SELECT * FROM `release_tasks` WHERE status IN ('pending','running') ORDER BY id ASC
2026/01/28 08:04:20 [Executor] Failed to query tasks: Error 1146 (42S02): Table 'cdn_control.release_tasks' doesn't exist
2026/01/28 08:04:20 [Executor] Run failed: Error 1146 (42S02): Table 'cdn_control.release_tasks' doesn't exist
2026/01/28 08:04:25 [Executor] Running once...

2026/01/28 08:04:25 [31;1m/opt/go_cmdb/internal/release/executor.go:38 [35;1mError 1146 (42S02): Table 'cdn_control.release_tasks' doesn't exist
[0m[33m[0.598ms] [34;1m[rows:0][0m SELECT * FROM `release_tasks` WHERE status IN ('pending','running') ORDER BY id ASC
2026/01/28 08:04:25 [Executor] Failed to query tasks: Error 1146 (42S02): Table 'cdn_control.release_tasks' doesn't exist
2026/01/28 08:04:25 [Executor] Run failed: Error 1146 (42S02): Table 'cdn_control.release_tasks' doesn't exist
2026/01/28 08:04:30 [Executor] Running once...

2026/01/28 08:04:30 [31;1m/opt/go_cmdb/internal/release/executor.go:38 [35;1mError 1146 (42S02): Table 'cdn_control.release_tasks' doesn't exist
[0m[33m[0.713ms] [34;1m[rows:0][0m SELECT * FROM `release_tasks` WHERE status IN ('pending','running') ORDER BY id ASC
2026/01/28 08:04:30 [Executor] Failed to query tasks: Error 1146 (42S02): Table 'cdn_control.release_tasks' doesn't exist
2026/01/28 08:04:30 [Executor] Run failed: Error 1146 (42S02): Table 'cdn_control.release_tasks' doesn't exist
2026/01/28 08:04:35 [Executor] Running once...
2026/01/28 08:04:35 [DNS Worker] Tick: processing DNS records...

2026/01/28 08:04:35 [31;1m/opt/go_cmdb/internal/release/executor.go:38 [35;1mError 1146 (42S02): Table 'cdn_control.release_tasks' doesn't exist
[0m[33m[0.733ms] [34;1m[rows:0][0m SELECT * FROM `release_tasks` WHERE status IN ('pending','running') ORDER BY id ASC
2026/01/28 08:04:35 [Executor] Failed to query tasks: Error 1146 (42S02): Table 'cdn_control.release_tasks' doesn't exist
2026/01/28 08:04:35 [Executor] Run failed: Error 1146 (42S02): Table 'cdn_control.release_tasks' doesn't exist
2026/01/28 08:04:35 [DNS Service] GetDeletionRecords: found 0 records (limit=10, error=<nil>)
2026/01/28 08:04:35 [DNS Worker] Tick done: present_candidates=0, absent_candidates=0, claimed_running=0, claim_skipped=0, success=0, error=0, deleted=0
2026/01/28 08:04:40 [Executor] Running once...

2026/01/28 08:04:40 [31;1m/opt/go_cmdb/internal/release/executor.go:38 [35;1mError 1146 (42S02): Table 'cdn_control.release_tasks' doesn't exist
[0m[33m[0.715ms] [34;1m[rows:0][0m SELECT * FROM `release_tasks` WHERE status IN ('pending','running') ORDER BY id ASC
2026/01/28 08:04:40 [Executor] Failed to query tasks: Error 1146 (42S02): Table 'cdn_control.release_tasks' doesn't exist
2026/01/28 08:04:40 [Executor] Run failed: Error 1146 (42S02): Table 'cdn_control.release_tasks' doesn't exist
2026/01/28 08:04:45 [Executor] Running once...

2026/01/28 08:04:45 [31;1m/opt/go_cmdb/internal/release/executor.go:38 [35;1mError 1146 (42S02): Table 'cdn_control.release_tasks' doesn't exist
[0m[33m[0.703ms] [34;1m[rows:0][0m SELECT * FROM `release_tasks` WHERE status IN ('pending','running') ORDER BY id ASC
2026/01/28 08:04:45 [Executor] Failed to query tasks: Error 1146 (42S02): Table 'cdn_control.release_tasks' doesn't exist
2026/01/28 08:04:45 [Executor] Run failed: Error 1146 (42S02): Table 'cdn_control.release_tasks' doesn't exist
2026/01/28 08:04:50 [Executor] Running once...

2026/01/28 08:04:50 [31;1m/opt/go_cmdb/internal/release/executor.go:38 [35;1mError 1146 (42S02): Table 'cdn_control.release_tasks' doesn't exist
[0m[33m[0.745ms] [34;1m[rows:0][0m SELECT * FROM `release_tasks` WHERE status IN ('pending','running') ORDER BY id ASC
2026/01/28 08:04:50 [Executor] Failed to query tasks: Error 1146 (42S02): Table 'cdn_control.release_tasks' doesn't exist
2026/01/28 08:04:50 [Executor] Run failed: Error 1146 (42S02): Table 'cdn_control.release_tasks' doesn't exist
2026/01/28 08:04:55 [Executor] Running once...

2026/01/28 08:04:55 [31;1m/opt/go_cmdb/internal/release/executor.go:38 [35;1mError 1146 (42S02): Table 'cdn_control.release_tasks' doesn't exist
[0m[33m[0.699ms] [34;1m[rows:0][0m SELECT * FROM `release_tasks` WHERE status IN ('pending','running') ORDER BY id ASC
2026/01/28 08:04:55 [Executor] Failed to query tasks: Error 1146 (42S02): Table 'cdn_control.release_tasks' doesn't exist
2026/01/28 08:04:55 [Executor] Run failed: Error 1146 (42S02): Table 'cdn_control.release_tasks' doesn't exist
2026/01/28 08:05:00 [Executor] Running once...

2026/01/28 08:05:00 [31;1m/opt/go_cmdb/internal/release/executor.go:38 [35;1mError 1146 (42S02): Table 'cdn_control.release_tasks' doesn't exist
[0m[33m[0.713ms] [34;1m[rows:0][0m SELECT * FROM `release_tasks` WHERE status IN ('pending','running') ORDER BY id ASC
2026/01/28 08:05:00 [Executor] Failed to query tasks: Error 1146 (42S02): Table 'cdn_control.release_tasks' doesn't exist
2026/01/28 08:05:00 [Executor] Run failed: Error 1146 (42S02): Table 'cdn_control.release_tasks' doesn't exist
2026/01/28 08:05:05 [Executor] Running once...
2026/01/28 08:05:05 [DNS Worker] Tick: processing DNS records...

2026/01/28 08:05:05 [31;1m/opt/go_cmdb/internal/release/executor.go:38 [35;1mError 1146 (42S02): Table 'cdn_control.release_tasks' doesn't exist
[0m[33m[0.701ms] [34;1m[rows:0][0m SELECT * FROM `release_tasks` WHERE status IN ('pending','running') ORDER BY id ASC
2026/01/28 08:05:05 [Executor] Failed to query tasks: Error 1146 (42S02): Table 'cdn_control.release_tasks' doesn't exist
2026/01/28 08:05:05 [Executor] Run failed: Error 1146 (42S02): Table 'cdn_control.release_tasks' doesn't exist
2026/01/28 08:05:05 [DNS Service] GetDeletionRecords: found 0 records (limit=10, error=<nil>)
2026/01/28 08:05:05 [DNS Worker] Tick done: present_candidates=0, absent_candidates=0, claimed_running=0, claim_skipped=0, success=0, error=0, deleted=0
2026/01/28 08:05:10 [Executor] Running once...

2026/01/28 08:05:10 [31;1m/opt/go_cmdb/internal/release/executor.go:38 [35;1mError 1146 (42S02): Table 'cdn_control.release_tasks' doesn't exist
[0m[33m[0.675ms] [34;1m[rows:0][0m SELECT * FROM `release_tasks` WHERE status IN ('pending','running') ORDER BY id ASC
2026/01/28 08:05:10 [Executor] Failed to query tasks: Error 1146 (42S02): Table 'cdn_control.release_tasks' doesn't exist
2026/01/28 08:05:10 [Executor] Run failed: Error 1146 (42S02): Table 'cdn_control.release_tasks' doesn't exist
2026/01/28 08:05:15 [Executor] Running once...

2026/01/28 08:05:15 [31;1m/opt/go_cmdb/internal/release/executor.go:38 [35;1mError 1146 (42S02): Table 'cdn_control.release_tasks' doesn't exist
[0m[33m[0.662ms] [34;1m[rows:0][0m SELECT * FROM `release_tasks` WHERE status IN ('pending','running') ORDER BY id ASC
2026/01/28 08:05:15 [Executor] Failed to query tasks: Error 1146 (42S02): Table 'cdn_control.release_tasks' doesn't exist
2026/01/28 08:05:15 [Executor] Run failed: Error 1146 (42S02): Table 'cdn_control.release_tasks' doesn't exist
2026/01/28 08:05:20 [Executor] Running once...

2026/01/28 08:05:20 [31;1m/opt/go_cmdb/internal/release/executor.go:38 [35;1mError 1146 (42S02): Table 'cdn_control.release_tasks' doesn't exist
[0m[33m[0.636ms] [34;1m[rows:0][0m SELECT * FROM `release_tasks` WHERE status IN ('pending','running') ORDER BY id ASC
2026/01/28 08:05:20 [Executor] Failed to query tasks: Error 1146 (42S02): Table 'cdn_control.release_tasks' doesn't exist
2026/01/28 08:05:20 [Executor] Run failed: Error 1146 (42S02): Table 'cdn_control.release_tasks' doesn't exist
2026/01/28 08:05:25 [Executor] Running once...

2026/01/28 08:05:25 [31;1m/opt/go_cmdb/internal/release/executor.go:38 [35;1mError 1146 (42S02): Table 'cdn_control.release_tasks' doesn't exist
[0m[33m[2.267ms] [34;1m[rows:0][0m SELECT * FROM `release_tasks` WHERE status IN ('pending','running') ORDER BY id ASC
2026/01/28 08:05:25 [Executor] Failed to query tasks: Error 1146 (42S02): Table 'cdn_control.release_tasks' doesn't exist
2026/01/28 08:05:25 [Executor] Run failed: Error 1146 (42S02): Table 'cdn_control.release_tasks' doesn't exist
2026/01/28 08:05:30 [Executor] Running once...

2026/01/28 08:05:30 [31;1m/opt/go_cmdb/internal/release/executor.go:38 [35;1mError 1146 (42S02): Table 'cdn_control.release_tasks' doesn't exist
[0m[33m[0.812ms] [34;1m[rows:0][0m SELECT * FROM `release_tasks` WHERE status IN ('pending','running') ORDER BY id ASC
2026/01/28 08:05:30 [Executor] Failed to query tasks: Error 1146 (42S02): Table 'cdn_control.release_tasks' doesn't exist
2026/01/28 08:05:30 [Executor] Run failed: Error 1146 (42S02): Table 'cdn_control.release_tasks' doesn't exist
2026/01/28 08:05:35 [Executor] Running once...
2026/01/28 08:05:35 [DNS Worker] Tick: processing DNS records...

2026/01/28 08:05:35 [31;1m/opt/go_cmdb/internal/release/executor.go:38 [35;1mError 1146 (42S02): Table 'cdn_control.release_tasks' doesn't exist
[0m[33m[0.647ms] [34;1m[rows:0][0m SELECT * FROM `release_tasks` WHERE status IN ('pending','running') ORDER BY id ASC
2026/01/28 08:05:35 [Executor] Failed to query tasks: Error 1146 (42S02): Table 'cdn_control.release_tasks' doesn't exist
2026/01/28 08:05:35 [Executor] Run failed: Error 1146 (42S02): Table 'cdn_control.release_tasks' doesn't exist
2026/01/28 08:05:35 [DNS Service] GetDeletionRecords: found 0 records (limit=10, error=<nil>)
2026/01/28 08:05:35 [DNS Worker] Tick done: present_candidates=0, absent_candidates=0, claimed_running=0, claim_skipped=0, success=0, error=0, deleted=0
2026/01/28 08:05:40 [Executor] Running once...

2026/01/28 08:05:40 [31;1m/opt/go_cmdb/internal/release/executor.go:38 [35;1mError 1146 (42S02): Table 'cdn_control.release_tasks' doesn't exist
[0m[33m[0.662ms] [34;1m[rows:0][0m SELECT * FROM `release_tasks` WHERE status IN ('pending','running') ORDER BY id ASC
2026/01/28 08:05:40 [Executor] Failed to query tasks: Error 1146 (42S02): Table 'cdn_control.release_tasks' doesn't exist
2026/01/28 08:05:40 [Executor] Run failed: Error 1146 (42S02): Table 'cdn_control.release_tasks' doesn't exist
2026/01/28 08:05:45 [Executor] Running once...

2026/01/28 08:05:45 [31;1m/opt/go_cmdb/internal/release/executor.go:38 [35;1mError 1146 (42S02): Table 'cdn_control.release_tasks' doesn't exist
[0m[33m[0.865ms] [34;1m[rows:0][0m SELECT * FROM `release_tasks` WHERE status IN ('pending','running') ORDER BY id ASC
2026/01/28 08:05:45 [Executor] Failed to query tasks: Error 1146 (42S02): Table 'cdn_control.release_tasks' doesn't exist
2026/01/28 08:05:45 [Executor] Run failed: Error 1146 (42S02): Table 'cdn_control.release_tasks' doesn't exist
2026/01/28 08:05:50 [Executor] Running once...

2026/01/28 08:05:50 [31;1m/opt/go_cmdb/internal/release/executor.go:38 [35;1mError 1146 (42S02): Table 'cdn_control.release_tasks' doesn't exist
[0m[33m[1.052ms] [34;1m[rows:0][0m SELECT * FROM `release_tasks` WHERE status IN ('pending','running') ORDER BY id ASC
2026/01/28 08:05:50 [Executor] Failed to query tasks: Error 1146 (42S02): Table 'cdn_control.release_tasks' doesn't exist
2026/01/28 08:05:50 [Executor] Run failed: Error 1146 (42S02): Table 'cdn_control.release_tasks' doesn't exist
2026/01/28 08:05:55 [Executor] Running once...

2026/01/28 08:05:55 [31;1m/opt/go_cmdb/internal/release/executor.go:38 [35;1mError 1146 (42S02): Table 'cdn_control.release_tasks' doesn't exist
[0m[33m[0.844ms] [34;1m[rows:0][0m SELECT * FROM `release_tasks` WHERE status IN ('pending','running') ORDER BY id ASC
2026/01/28 08:05:55 [Executor] Failed to query tasks: Error 1146 (42S02): Table 'cdn_control.release_tasks' doesn't exist
2026/01/28 08:05:55 [Executor] Run failed: Error 1146 (42S02): Table 'cdn_control.release_tasks' doesn't exist
2026/01/28 08:06:00 [Executor] Running once...

2026/01/28 08:06:00 [31;1m/opt/go_cmdb/internal/release/executor.go:38 [35;1mError 1146 (42S02): Table 'cdn_control.release_tasks' doesn't exist
[0m[33m[0.707ms] [34;1m[rows:0][0m SELECT * FROM `release_tasks` WHERE status IN ('pending','running') ORDER BY id ASC
2026/01/28 08:06:00 [Executor] Failed to query tasks: Error 1146 (42S02): Table 'cdn_control.release_tasks' doesn't exist
2026/01/28 08:06:00 [Executor] Run failed: Error 1146 (42S02): Table 'cdn_control.release_tasks' doesn't exist
